[2020-01-13 12:57:20] [INFO   ] [Program started] 
[2020-01-13 12:57:21] [INFO   ] [Chrome webdriver selected] 
[2020-01-13 12:57:29] [INFO   ] Detected dialect: OSS 
[2020-01-13 12:57:29] [INFO   ] Crawling Started on= [google] for= [ abdurrahman yıldız ] 
[2020-01-13 12:57:47] [INFO   ] Crawling Completed on= [google] for= [ abdurrahman yıldız]  Number of checked results = [109] Next Button clicked [11] times. 
[2020-01-13 12:57:47] [INFO   ] Crawling Started on= [bing] for= [ abdurrahman yıldız ] 
[2020-01-13 12:58:00] [INFO   ] Crawling Completed on= [bing] for= [ abdurrahman yıldız]  Number of checked results = [106] Next Button clicked [11] times. 
[2020-01-13 12:58:00] [INFO   ] Crawling Started on= [yandex] for= [ abdurrahman yıldız ] 
[2020-01-13 12:58:12] [INFO   ] Crawling Completed on= [yandex] for= [ abdurrahman yıldız]  Number of checked results = [8] Next Button clicked [1] times. 
[2020-01-13 12:58:12] [INFO   ] Crawling Started on= [yahoo] for= [ abdurrahman yıldız ] 
[2020-01-13 12:58:21] [WARNING] An Exception occured while saving result or Outlier node in results #domain: uchicago.edu #url: FAILED #Exception: java.lang.IllegalStateException: Not under a public suffix: failed 
[2020-01-13 12:58:21] [WARNING] An Exception occured while saving result or Outlier node in results #domain: uchicago.edu #url: FAILED #Exception: java.lang.IllegalStateException: Not under a public suffix: failed 
[2020-01-13 12:58:21] [WARNING] An Exception occured while saving result or Outlier node in results #domain: uchicago.edu #url: FAILED #Exception: java.lang.IllegalStateException: Not under a public suffix: failed 
[2020-01-13 12:58:21] [WARNING] An Exception occured while saving result or Outlier node in results #domain: uchicago.edu #url: FAILED #Exception: java.lang.IllegalStateException: Not under a public suffix: failed 
[2020-01-13 12:58:21] [WARNING] An Exception occured while saving result or Outlier node in results #domain: uchicago.edu #url: FAILED #Exception: java.lang.IllegalStateException: Not under a public suffix: failed 
[2020-01-13 12:58:21] [WARNING] An Exception occured while saving result or Outlier node in results #domain: uchicago.edu #url: FAILED #Exception: java.lang.IllegalStateException: Not under a public suffix: failed 
[2020-01-13 12:58:21] [WARNING] An Exception occured while saving result or Outlier node in results #domain: uchicago.edu #url: FAILED #Exception: java.lang.IllegalStateException: Not under a public suffix: failed 
[2020-01-13 12:58:21] [WARNING] An Exception occured while saving result or Outlier node in results #domain: uchicago.edu #url: FAILED #Exception: java.lang.IllegalStateException: Not under a public suffix: failed 
[2020-01-13 12:58:22] [WARNING] An Exception occured while saving result or Outlier node in results #domain: uchicago.edu #url: FAILED #Exception: java.lang.IllegalStateException: Not under a public suffix: failed 
[2020-01-13 12:58:22] [WARNING] An Exception occured while saving result or Outlier node in results #domain: uchicago.edu #url: FAILED #Exception: java.lang.IllegalStateException: Not under a public suffix: failed 
[2020-01-13 12:58:22] [INFO   ] Crawling Completed on= [yahoo] for= [ abdurrahman yıldız]  Number of checked results = [70] Next Button clicked [6] times. 
[2020-01-13 12:58:22] [SEVERE ] Unexpected Error Occured! 
[2020-01-13 12:58:22] [SEVERE ] no such window: target window already closed
from unknown error: web view not found
  (Session info: chrome=79.0.3945.117)
  (Driver info: chromedriver=2.43.600210 (68dcf5eebde37173d4027fa8635e332711d2874a),platform=Windows NT 10.0.18362 x86_64) (WARNING: The server did not provide any stacktrace information)
Command duration or timeout: 0 milliseconds
Build info: version: '3.141.5', revision: 'd54ebd709a', time: '2018-11-06T11:42:16'
System info: host: 'DESKTOP-66S5C4F', ip: '10.0.75.1', os.name: 'Windows 10', os.arch: 'amd64', os.version: '10.0', java.version: '1.8.0_191'
Driver info: org.openqa.selenium.chrome.ChromeDriver
Capabilities {acceptInsecureCerts: false, acceptSslCerts: false, applicationCacheEnabled: false, browserConnectionEnabled: false, browserName: chrome, chrome: {chromedriverVersion: 2.43.600210 (68dcf5eebde371..., userDataDir: C:\Users\apoxy\AppData\Loca...}, cssSelectorsEnabled: true, databaseEnabled: false, goog:chromeOptions: {debuggerAddress: localhost:64700}, handlesAlerts: true, hasTouchScreen: false, javascriptEnabled: true, locationContextEnabled: true, mobileEmulationEnabled: false, nativeEvents: true, networkConnectionEnabled: false, pageLoadStrategy: none, platform: XP, platformName: XP, rotatable: false, setWindowRect: true, takesHeapSnapshot: true, takesScreenshot: true, unexpectedAlertBehaviour: , unhandledPromptBehavior: , version: 79.0.3945.117, webStorageEnabled: true}
Session ID: 5d1153e4fa6d88b6d7dae103b07055dc
*** Element info: {Using=css selector, value=body} 
[2020-01-13 12:58:22] [INFO   ] [Program Finished] 
[2020-01-13 12:58:22] [INFO   ] [Program started] 
[2020-01-13 12:58:22] [INFO   ] [Chrome webdriver selected] 
[2020-01-13 13:01:44] [INFO   ] [Program started] 
[2020-01-13 13:01:44] [INFO   ] [Chrome webdriver selected] 
[2020-01-13 13:01:52] [INFO   ] Detected dialect: OSS 
[2020-01-13 13:01:52] [INFO   ] Crawling Started on= [google] for= [ abdurrahman yıldız ] 
[2020-01-13 13:01:53] [INFO   ] www.facebook.com [Object added to db] [Title]:Abdurrahman Yıldız Profiles | Facebook
https://www.facebook.com › public › Abdurrahman-Yıldız [Link]:https://www.facebook.com/public/Abdurrahman-Y%C4%B1ld%C4%B1z [Link Text]:View the profiles of people named Abdurrahman Yıldız. Join Facebook to connect with Abdurrahman Yıldız and others you may know. Facebook gives people ... 
[2020-01-13 13:01:53] [INFO   ] portal.dpu.edu.tr [Object added to db] [Title]:Abdurrahman Yıldız - DPU Portal - Dumlupınar Üniversitesi
portal.dpu.edu.tr › abdurrahman.yildiz [Link]:http://portal.dpu.edu.tr/abdurrahman.yildiz [Link Text]:Dr. Öğr. Üyesi Abdurrahman Yıldız. Mühendislik Fakültesi / Endüstri Mühendisliği. Görevi : Öğretim Üyesi. CV Görüntüle · DPU. T.C. Kütahya Dumlupınar ... 
[2020-01-13 13:01:53] [INFO   ] tr.linkedin.com [Object added to db] [Title]:Abdurrahman YILDIZ - Ankara, Türkiye | Profesyonel Profil ...
https://tr.linkedin.com › abdurrahman-yildiz-508b9620 [Link]:https://tr.linkedin.com/in/abdurrahman-yildiz-508b9620 [Link Text]:En büyük profesyonel topluluk olan LinkedIn'de Abdurrahman YILDIZ adlı kullanıcının profilini görüntüleyin. Abdurrahman YILDIZ adlı kişinin profilinde 4 iş ilanı ... 
[2020-01-13 13:01:53] [INFO   ] www.linkedin.com [Object added to db] [Title]:60+ "Abdurrahman Yildiz" profiles | LinkedIn
https://www.linkedin.com › pub › dir › Abdurrahman › Yildiz [Link]:https://www.linkedin.com/pub/dir/Abdurrahman/Yildiz [Link Text]:View the profiles of professionals named "Abdurrahman Yildiz" on LinkedIn. There are 60+ professionals named "Abdurrahman Yildiz", who use LinkedIn to ... 
[2020-01-13 13:01:53] [INFO   ] www.haberturk.com [Object added to db] [Title]:Abdurrahman Yıldız Kimdir? - Habertürk
https://www.haberturk.com › abdurrahman-yildiz-kimdir [Link]:https://www.haberturk.com/abdurrahman-yildiz-kimdir [Link Text]:Abdurrahman Yıldız. Ünvan: Trabzon Şalpazarı BTP Belediye Başkan Adayı Eğitim: Üniversite/yüksekokul. Meslek: İşadamı ... 
[2020-01-13 13:01:53] [INFO   ] twitter.com [Object added to db] [Title]:Abdurrahman YILDIZ (@IYI_Abdurrahman) | Twitter
https://twitter.com › iyi_abdurrahman [Link]:https://twitter.com/iyi_abdurrahman [Link Text]:The latest Tweets from Abdurrahman YILDIZ (@IYI_Abdurrahman). İYİ Parti Milletvekili Aday Adayı / İYİ Parti Üyesi. Adana Çukurova - Ankara 1.Bölge. 
[2020-01-13 13:01:54] [INFO   ] www.haberler.com [Object added to db] [Title]:Abdurrahman Yıldız Haberleri - Abdurrahman Yıldız Kimdir ...
https://www.haberler.com › abdurrahman-yildiz [Link]:https://www.haberler.com/abdurrahman-yildiz/ [Link Text]:Abdurrahman Yıldız haberleri en güncel gelişmeler ve son dakika haberler.Abdurrahman Yıldız kimdir,hayatı ve biyografisi. Baraj havzasında kalan ağaçlar ... 
[2020-01-13 13:01:54] [INFO   ] www.sondakika.com [Object added to db] [Title]:Son Dakika Abdurrahman Yıldız Haberleri - Abdurrahman ...
https://www.sondakika.com › Abdurrahman Yıldız [Link]:https://www.sondakika.com/abdurrahman-yildiz/2/ [Link Text]:Kültür ve Turizm Bakanlığı çini sanatçısı Abdurrahman Yıldız, çininin Birleşmiş Milletler Eğitim, Bilim ve Kültür Teşkilatı'nın (UNESCO) miras listesine alınması ... 
[2020-01-13 13:01:54] [INFO   ] Next Button Clicked 
[2020-01-13 13:01:55] [INFO   ] www.milliyet.com.tr [Object added to db] [Title]:ABDURRAHMAN YILDIZ, 1 GÜNDE 4 GENEL MÜDÜRLE ...
www.milliyet.com.tr › abdurrahman-yildiz-1-gunde-4-genel-mudurle-kutah... [Link]:http://www.milliyet.com.tr/abdurrahman-yildiz-1-gunde-4-genel-mudurle-kutahya-yerelhaber-909642/ [Link Text]:Ülkemiz Değerlerini Tanıtma Kültür ve Sanatımızı Geliştirme Derneği Başkanı ve Kütahyalı Çini sanatçısı Abdurrahman Yıldız, Ankara'da 1 günde 4 genel ... 
[2020-01-13 13:01:55] [INFO   ] dogruhaber.com.tr [Object added to db] [Title]:Abdurrahman Yıldız - Doğruhaber
https://dogruhaber.com.tr › yazar › abdurrahman-yildiz [Link]:https://dogruhaber.com.tr/yazar/abdurrahman-yildiz [Link Text]:Akabe`den yükselen Nur 13.04.2016 11:49:00 · Kutsal Beldelerde Dua 30.12.2015 11:02:00 · Kurban Allah (cc)`a Yakın Olmaktır 10.11.2015 15:05:00. 
[2020-01-13 13:01:55] [INFO   ] imidb.batman.edu.tr [Object added to db] [Title]:Abdurrahman YILDIZ - Batman Üniversitesi
https://imidb.batman.edu.tr › Personel › ABDURRAHMAN-YILDIZ [Link]:https://imidb.batman.edu.tr/Personel/ABDURRAHMAN-YILDIZ/2238/784 [Link Text]:Ana Sayfa \ İdari \ Daire Başkanlıkları \ İdari Mali İşler Daire Başkanlığı \ Personel \. Abdurrahman YILDIZ. abdurrahman.yildiz. Hakkında · Faaliyetler · Özgeçmiş ... 
[2020-01-13 13:01:55] [INFO   ] avukattut.com [Object added to db] [Title]:AVUKAT ABDURRAHMAN YILDIZ | Avukat Tut
https://avukattut.com › abdurrahman-yildiz-5 [Link]:https://avukattut.com/abdurrahman-yildiz-5 [Link Text]:ABDURRAHMAN YILDIZ. Merkez Düzce. Baro Sicil No : 5; Cep Telefonu : İş Telefonu : 03805141262; Faks : e-Posta : K E P : Adres : Cedidiye Mahallesi Necip ... 
[2020-01-13 13:01:55] [INFO   ] www.inkilap.com [Object added to db] [Title]:Abdurrahman Yıldız - İnkılap Kitabevi
https://www.inkilap.com › abdurrahman-yildiz-149631 [Link]:https://www.inkilap.com/abdurrahman-yildiz-149631 [Link Text]:Abdurrahman Yıldız. 
[2020-01-13 13:01:55] [INFO   ] erzurumobm.ogm.gov.tr [Object added to db] [Title]:Belgeler - Abdurrahman yıldız-1.jpg
https://erzurumobm.ogm.gov.tr › Documents › Forms › DispForm [Link]:https://erzurumobm.ogm.gov.tr/Documents/Forms/DispForm.aspx?ID=282 [Link Text]:12 Şub 2019 - Ad. Abdurrahman yıldız-1. Başlık. Zamanlama Başlangıç Tarihi. Zamanlama Bitiş Tarihi. Belge Kimliği. KXFRVTCHU5AW-5-282. 12.2.2019 ... 
[2020-01-13 13:01:55] [INFO   ] kidega.com [Object added to db] [Title]:Abdurrahman Yıldız Biyografisi - Abdurrahman Yıldız Kitapları ...
https://kidega.com › yazar › abdurrahman-yildiz-185436 [Link]:https://kidega.com/yazar/abdurrahman-yildiz-185436 [Link Text]:Abdurrahman Yıldız yazar biyografisi ve Abdurrahman Yıldız kitapları. 
[2020-01-13 13:01:55] [INFO   ] webarsiv.atauni.edu.tr [Object added to db] [Title]:Worker Abdurrahman Yıldız ~ Atatürk Üniversitesi
https://webarsiv.atauni.edu.tr › abdurrahman-yildiz [Link]:https://webarsiv.atauni.edu.tr/abdurrahman-yildiz [Link Text]:Worker Abdurrahman Yıldız Çevre Düzenleme Birimi. Kişisel Bilgiler. Adı Soyadı Abdurrahman Yıldız; Ünvanı Worker; Birimi Çevre Düzenleme Birimi ... 
[2020-01-13 13:01:55] [INFO   ] www.dr.com.tr [Object added to db] [Title]:Abdurrahman Yıldız - D&R - Kültür Sanat ve Eğlence Dünyası
https://www.dr.com.tr › Yazar › abdurrahman-yildiz [Link]:https://www.dr.com.tr/Yazar/abdurrahman-yildiz/s=10088580 [Link Text]:Binlerce kitap, teknoloji ürünü, hediye, müzik, film ve daha fazlası indirim kampanyalarıyla kültür, sanat ve eğlence dünyası D&R'da! 
[2020-01-13 13:01:55] [INFO   ] Next Button Clicked 
[2020-01-13 13:01:56] [INFO   ] www.ilknokta.com [Object added to db] [Title]:Abdurrahman Yıldız - Yazarın kitapları - İlkNokta
https://www.ilknokta.com › Yazarlar [Link]:https://www.ilknokta.com/abdurrahman-yildiz-w138948.html [Link Text]:Abdurrahman Yıldız - Yazarın kitapları. ... Abdurrahman Yıldız · Dua Yayınları. 12,96TL 9,72TL. Sepete Ekle. 1. Hac ve Umre Rehberi · Müşteri Hizmetleri. 
[2020-01-13 13:01:56] [INFO   ] www.behance.net [Object added to db] [Title]:Abdurrahman Yıldız ™ on Behance
https://www.behance.net › markaraj [Link]:https://www.behance.net/markaraj [Link Text]:Since a young age I am intertwined with graphic design and web design. In 2007 I started to work as a freelancer. Photo I know the importance of the design ... 
[2020-01-13 13:01:56] [INFO   ] www.edebiyatla.com [Object added to db] [Title]:Abdurrahman Yıldız Şiirleri
https://www.edebiyatla.com › uyeler › abdurrahman-yildiz-20073 › siirleri [Link]:https://www.edebiyatla.com/uyeler/abdurrahman-yildiz-20073/siirleri [Link Text]:Abdurrahman Yıldız isimli şairimizin en güzel şiirlerini okumak için tıklayın. 
[2020-01-13 13:01:57] [INFO   ] www.sinematurk.com [Object added to db] [Title]:Abdurrahman Yıldız ~ Sinematurk.com
www.sinematurk.com › kisi › 231564-abdurrahman-yildiz [Link]:http://www.sinematurk.com/kisi/231564-abdurrahman-yildiz/ [Link Text]:Abdurrahman Yıldız adlı kişinin biyografisi : None... 
[2020-01-13 13:01:57] [INFO   ] www.sakarya.bel.tr [Object added to db] [Title]:Abdurrahman YILDIZ - Sakarya Büyükşehir Belediye
www.sakarya.bel.tr › Baskanlik-Kisi › abdurrahman-yildiz-sube-muduru [Link]:http://www.sakarya.bel.tr/tr/Baskanlik-Kisi/abdurrahman-yildiz-sube-muduru/216 [Link Text]:Müdürlükler. Anasayfa · Başkanlık; Abdurrahman YILDIZ. logo footer. Kavaklar; Cd. No:7 54100 Adapazarı SAKARYA. 44 44 054. Çözüm Masası: 153. Haberin ... 
[2020-01-13 13:01:57] [INFO   ] www.sozcukitabevi.com [Object added to db] [Title]:Abdurrahman Yıldız - Hac ve Umre Rehberi | Sözcü Kitabevi
https://www.sozcukitabevi.com › İslam › İslam Eğitimi [Link]:https://www.sozcukitabevi.com/Kitap/abdurrahman-yildiz-hac-ve-umre-rehberi [Link Text]:Abdurrahman Yıldız adlı yazara ait Hac ve Umre Rehberi kitabı kapıda ödeme, taksit seçenekleri ve Sözcü Kitabevi'nden satın alabilirsiniz. 
[2020-01-13 13:01:57] [INFO   ] www.youtube.com [Object added to db] [Title]:abdurrahman yıldız - YouTube
https://www.youtube.com › channel [Link]:https://www.youtube.com/channel/UCw539ix09SBi-VqQgGhqf7g [Link Text]:SELÇUKLU BELEDİYESİ KLİP KURGUSU - Duration: 3 minutes, 50 seconds. 173 views; 6 years ago. 0:33. Play next; Play now ... 
[2020-01-13 13:01:57] [INFO   ] www.antoloji.com [Object added to db] [Title]:Abdurrahman Yıldız Şiirleri - Sayfa - 1 - Antoloji.Com
https://www.antoloji.com › abdurrahman-yildiz › siirleri [Link]:https://www.antoloji.com/abdurrahman-yildiz/siirleri/ [Link Text]:Abdurrahman Yıldız tarafından yazılan tüm şiirlere bu sayfadan ulaşabilirsiniz. Şair Abdurrahman Yıldız hakkında merak ettiğiniz her şey antoloji.com da. 
[2020-01-13 13:01:57] [INFO   ] dergipark.org.tr [Object added to db] [Title]:ABDURRAHMAN YILDIZ . @ » DergiPark
https://dergipark.org.tr › pub [Link]:https://dergipark.org.tr/tr/pub/@a66 [Link Text]:Profil Düzenle · Çıkış · Giriş · DergiPark; Kullanıcı Profili; ABDURRAHMAN YILDIZ . ABDURRAHMAN YILDIZ . @a66. Konular. Dergiler. ULAKBİM Dergi ... 
[2020-01-13 13:01:57] [INFO   ] www.ucuzkitapal.com [Object added to db] [Title]:Abdurrahman Yıldız Kitapları - Ucuz Kitap Al
https://www.ucuzkitapal.com › abdurrahman-yildiz [Link]:https://www.ucuzkitapal.com/abdurrahman-yildiz/ [Link Text]:Abdurrahman Yıldız, tüm kitaplarını inceleyebilir dilerseniz indirimli fiyat ile satın alabilirsiniz. 
[2020-01-13 13:01:57] [INFO   ] Next Button Clicked 
[2020-01-13 13:01:58] [INFO   ] www.yenisafak.com [Object added to db] [Title]:Abdurrahman Yıldız - Yeni Şafak
https://www.yenisafak.com › yerel-secim-2019 › trabzon-salpazari-belediy... [Link]:https://www.yenisafak.com/yerel-secim-2019/trabzon-salpazari-belediye-baskan-adayi-abdurrahman-yildiz-kimdir [Link Text]:Trabzon Şalpazarı belediye başkan adayı Abdurrahman Yıldız kimdir, kaç yaşında, nereli, ne mezunu, hangi partide olduğununa dair ayrıntılar burada. 
[2020-01-13 13:01:58] [INFO   ] www.kitapsec.com [Object added to db] [Title]:Abdurrahman Yıldız - Tyt
https://www.kitapsec.com › Yazar › Abdurrahman-Yildiz [Link]:https://www.kitapsec.com/Yazar/Abdurrahman-Yildiz/ [Link Text]:Abdurrahman Yıldız, Abdurrahman Yıldız yazarına ait kitaplar satılmaktadır. 
[2020-01-13 13:01:58] [INFO   ] www.kitapkoala.com [Object added to db] [Title]:Abdurrahman Yıldız - Yazarın kitapları - Kitap Koala
https://www.kitapkoala.com › Yazarlar [Link]:https://www.kitapkoala.com/product/search/yazar/abdurrahman-yildiz [Link Text]:Abdurrahman Yıldız - Yazarın kitapları. ... Abdurrahman Yıldız · Dua Yayınları. 14,00 9,80. Sepete Ekle. 1. Hac ve Umre Rehberi · Müşteri Hizmetleri · Kargo ve ... 
[2020-01-13 13:01:58] [INFO   ] www.tff.org [Object added to db] [Title]:ABDURRAHMAN YILDIZ - Player Details TFF
https://www.tff.org › Default [Link]:https://www.tff.org/Default.aspx?pageId=526&kisiId=1243116 [Link Text]:ABDURRAHMAN YILDIZ - Turkish Football Federation Offical Site - National Teams, Leagues, Cups, Info Bank, Super League, Players, Coaches, Referees, ... 
[2020-01-13 13:01:58] [INFO   ] www.sizinmedya.com [Object added to db] [Title]:Abdurrahman Yıldız haberleri - Sizin Medya
www.sizinmedya.com › abdurrahman yıldız-haberleri [Link]:http://www.sizinmedya.com/abdurrahman%20y%C4%B1ld%C4%B1z-haberleri.htm [Link Text]:Abdurrahman Yıldız Haberleri. Bem-Bir-Sen'den Üyelere İftar YemeğiBem-Bir-Sen Midyat Temsilciliği, üyeleriyle iftar yemeğinde bir araya geldi.Cumartesi, 03 ... 
[2020-01-13 13:01:58] [INFO   ] www.noterbul.com [Object added to db] [Title]:Ereğli 2/Konya Noteri (Abdurrahman Yıldız) - Noter Bul
www.noterbul.com › konya › eregli [Link]:http://www.noterbul.com/konya/eregli/eregli-2konya-noteri [Link Text]:Ereğli 2/Konya Noteri adres, telefon ve iletişim bilgilerine sayfamızdan kolayca ulaşabilirsiniz. 
[2020-01-13 13:01:58] [INFO   ] emlakkulisi.com [Object added to db] [Title]:Abdurrahman Yıldız kimdir - 23/12/2019 - Emlakkulisi.Com
https://emlakkulisi.com › guncel › abdurrahman-yildiz-kimdir [Link]:https://emlakkulisi.com/guncel/abdurrahman-yildiz-kimdir/910765 [Link Text]:Abdurrahman Yıldız kimdir Selçuklu, Osmanlı ve Cumhuriyet tarihinde cami, saray ve hanların iç mimarisi ile bazı eşyaların süslemelerinin vazgeçilmezleri ... 
[2020-01-13 13:01:58] [INFO   ] www.teklifkitap.com [Object added to db] [Title]:Abdurrahman Yıldız - Yazarın kitapları - Teklif Kitap
https://www.teklifkitap.com › Yazarlar [Link]:https://www.teklifkitap.com/abdurrahman-yildiz [Link Text]:Sepetim (0) Toplam: 0TL · Anasayfa · Yayınevleri · Kategoriler · Yazarlar · Yeni Ürünler · Bayiler · Dergiler · Anasayfa; >; Yazarlar; >; Abdurrahman Yıldız ... 
[2020-01-13 13:01:58] [INFO   ] yesilalan.siirt.edu.tr [Object added to db] [Title]:ABDURRAHMAN YILDIZ | Siirt Üniversitesi
yesilalan.siirt.edu.tr › profil › -abdurrahman-yildiz [Link]:http://yesilalan.siirt.edu.tr/profil/-abdurrahman-yildiz/727735.html [Link Text]:ABDURRAHMAN YILDIZ Siirt Üniversitesi. ... ABDURRAHMAN YILDIZ. Telefon 0000 000 00 00. Kurumsal E-Posta. E-Posta. Web. Açıklama ... 
[2020-01-13 13:01:58] [INFO   ] www.alternatifkitap.com [Object added to db] [Title]:Abdurrahman Yıldız Kitapları - Alternatifkitap.com
https://www.alternatifkitap.com › abdurrahman-yildiz [Link]:https://www.alternatifkitap.com/abdurrahman-yildiz/ [Link Text]:Abdurrahman Yıldız, tüm kitaplarını inceleyebilir dilerseniz indirimli fiyat ile satın alabilirsiniz. 
[2020-01-13 13:01:58] [INFO   ] Next Button Clicked 
[2020-01-13 13:01:59] [INFO   ] www.odakitap.com [Object added to db] [Title]:Abdurrahman Yıldız kitapları | OdaKitap.com
https://www.odakitap.com › kisi › abdurrahman-yildiz [Link]:https://www.odakitap.com/kisi/abdurrahman-yildiz [Link Text]:Abdurrahman Yıldız kitapları hızlı kargo, uygun fiyat ayrıcalığı ve taksit seçenekleriyle Odakitap.com'da. 
[2020-01-13 13:01:59] [INFO   ] www.xing.com [Object added to db] [Title]:Abdurrahman Yildiz in der XING Personensuche finden | XING
https://www.xing.com › people › yildiz-abdurra... [Link]:https://www.xing.com/people/yildiz-abdurrahman/ [Link Text]:Finden Sie 11 Profile von Abdurrahman Yildiz mit aktuellen Kontaktdaten ☎, Lebenslauf, Interessen sowie weiteren beruflichen Informationen bei XING. 
[2020-01-13 13:01:59] [INFO   ] www.bulurum.com [Object added to db] [Title]:NAMLI SEYİDOĞLU KEBAP SALONU (Abdurrahman Yıldız ...
https://www.bulurum.com › ... › Yeme - İçme › Kebapçılar [Link]:https://www.bulurum.com/details/bb043jcea02_4k73af23210g1ac6d55_ [Link Text]:NAMLI SEYİDOĞLU KEBAP SALONU (Abdurrahman Yıldız) , Manisa Merkez , Manisa : Manisa Merkez bölgesinde bulunan NAMLI SEYİDOĞLU KEBAP ... 
[2020-01-13 13:01:59] [INFO   ] kutahyazafergazetesi.com [Object added to db] [Title]:Vali Toraman'dan Çini Sanatçısı Abdurrahman Yıldız'a ziyaret ...
kutahyazafergazetesi.com › 2018/12/04 › vali-toramandan-cini-sanatcisi-a... [Link]:http://kutahyazafergazetesi.com/2018/12/04/vali-toramandan-cini-sanatcisi-abdurrahman-yildiza-ziyaret/ [Link Text]:4 Ara 2018 - Vali Ömer Toraman, Ülkemiz Değerlerini Tanıtma Kültür ve Sanatımızı Geliştirme Derneği Başkanı ve Kültür ve Turizm Bakanlığı çini sanatçısı ... 
[2020-01-13 13:02:00] [INFO   ] www.kitapmatik.com.tr [Object added to db] [Title]:Hac ve Umre Rehberi Abdurrahman Yıldız - kitapmatik.com
https://www.kitapmatik.com.tr › İslam › İslam Eğitimi [Link]:https://www.kitapmatik.com.tr/kitap/hac-ve-umre-rehberi-p746734.html [Link Text]:Hac ve Umre Rehberi. Abdurrahman Yıldız Dua Yayınları. Liste Fiyatı : 14,00TL. İndirimli Fiyat : 11,20TL. Kazancınız : 2,80TL. Taksitli fiyat : 6 x 1,97TL. %20. 
[2020-01-13 13:02:00] [INFO   ] www.sporx.com [Object added to db] [Title]:Abdurrahman YILDIZ KADRO Sporx İlk11
https://www.sporx.com › abdurrahman-yildiz-kadro-takimi-ilk11-340345 [Link]:https://www.sporx.com/abdurrahman-yildiz-kadro-takimi-ilk11-340345 [Link Text]:Bence Abdurrahman YILDIZ KADRO ilk 11'i. SENCE BU KADRO NASIL? Öyle bir 11 kurdum ki :) Ah ah... Sen de on beş saniyede kur. 
[2020-01-13 13:02:00] [INFO   ] www.pinterest.com [Object added to db] [Title]:Abdurrahman YILDIZ (yildizmobtel) Pinterest'te
https://www.pinterest.com › yildizmobtel [Link]:https://www.pinterest.com/yildizmobtel/ [Link Text]:Dünyanın en büyük fikir koleksiyonu olan Pinterest'te, Abdurrahman YILDIZ adlı kullanıcının (yildizmobtel) neler keşfettiğini görün. 
[2020-01-13 13:02:00] [INFO   ] www.kibris724.com [Object added to db] [Title]:Abdurrahman Yıldız haberleri - Kıbrıs 724
www.kibris724.com › Abdurrahman-Yıldız-haberleri [Link]:http://www.kibris724.com/Abdurrahman-Y%C4%B1ld%C4%B1z-haberleri.htm [Link Text]:POLİSTE İŞKENCE İDDİALARI... SORUŞTURULUYOR!Polis bugün bazı yerel basın organlarında, Abdurrahman Yıldız isimli şahsın poliste şiddete maruz ... 
[2020-01-13 13:02:00] [INFO   ] karsiyakaortaokulu.meb.k12.tr [Object added to db] [Title]:Abdurrahman YILDIZ - Karşıyaka Ortaokulu
karsiyakaortaokulu.meb.k12.tr › idari_personel › abdurrahman-yildiz_147... [Link]:http://karsiyakaortaokulu.meb.k12.tr/idari_personel/abdurrahman-yildiz_1471900.html [Link Text]:T.C. MİLLÎ EĞİTİM BAKANLIĞI İZMİR / KARŞIYAKA / Karşıyaka Ortaokulu. 
[2020-01-13 13:02:00] [INFO   ] www.kursunkalem.com [Object added to db] [Title]:MERKEZ ABDURRAHMAN YILDIZ nerededir? ANTALYA
https://www.kursunkalem.com › antalya › merkez › abdurrahman-yildiz [Link]:https://www.kursunkalem.com/antalya/merkez/abdurrahman-yildiz/ [Link Text]:ABDURRAHMAN YILDIZ. İletişim Bilgileri. Telefon: 2423161368; Adres: SIRINYALI MAH. OZGURLUK BLV. YAMAKLAR AP. NO:47/B; İlçe: MERKEZ; Şehir: ... 
[2020-01-13 13:02:00] [INFO   ] Next Button Clicked 
[2020-01-13 13:02:01] [INFO   ] www.fuarplus.com [Object added to db] [Title]:ABDURRAHMAN YILDIZ VE ORT.(GÜMÜŞ YILDIZ MAK.VE ...
www.fuarplus.com › katilimci_ayrinti [Link]:http://www.fuarplus.com/-ABDURRAHMAN-YILDIZ-VE-ORT.(G%C3%9CM%C3%9C%C5%9E-YILDIZ-MAK.VE-FER/tr/katilimci_ayrinti/100020043 [Link Text]:Firma Adı: ABDURRAHMAN YILDIZ VE ORT.(GÜMÜŞ YILDIZ MAK.VE FERFORJE). Adres, BOZBURUN MAH.7040 SK.NO:7. Telefon: 02583716233. 
[2020-01-13 13:02:01] [INFO   ] 1000kitap.com [Object added to db] [Title]:Abdurrahman Yıldız (@yildiz25) - 1000Kitap
https://1000kitap.com › yildiz25 [Link]:https://1000kitap.com/yildiz25 [Link Text]:Abdurrahman Yıldız'ın (@yildiz25) son kitap incelemeleri, alıntıları, iletileri, okuduğu kitaplar. 
[2020-01-13 13:02:01] [INFO   ] tr.foursquare.com [Object added to db] [Title]:Abdurrahman Yıldız Foursquare'de
https://tr.foursquare.com › optimistic090 [Link]:https://tr.foursquare.com/optimistic090 [Link Text]:Abdurrahman Y.'nın bütün fotoğraflarını, tavsiyelerini, listelerini ve arkadaşlarını gör. 
[2020-01-13 13:02:01] [INFO   ] soundcloud.com [Object added to db] [Title]:Abdurrahman YILDIZ - SoundCloud
https://soundcloud.com › abdurrahman-yildiz [Link]:https://soundcloud.com/abdurrahman-yildiz [Link Text]:Abdurrahman YILDIZ. Son-abdyldz. Now playing. 2:37. doktor. Abdurrahman YILDIZ. doktor. Now playing. 5:41. dilenci...(Orhan Gencebay'dan). Abdurrahman ... 
[2020-01-13 13:02:01] [INFO   ] www.nakliyeilani.com [Object added to db] [Title]:ABDURRAHMAN YILDIZ VE ORT.(GÜM ÜŞ YILDIZ MAK.VE ...
https://www.nakliyeilani.com › dis-ticaret-firmalar › abdurrahman-yildiz-ve-... [Link]:https://www.nakliyeilani.com/dis-ticaret-firmalar/DEF504A2-6E63-4DEF-986A-1B52C6C42014/abdurrahman-yildiz-ve-ort-gum-us-yildiz-mak-ve-ferforje [Link Text]:ABDURRAHMAN YILDIZ VE ORT.(GÜM ÜŞ YILDIZ MAK.VE FERFORJE). Profil sayfamıza buradan ulaşabilirsiniz. İletişim bilgilerimiz, çalıştığımız ülkeler ... 
[2020-01-13 13:02:01] [INFO   ] omu.academia.edu [Object added to db] [Title]:Abdurrahman Yıldız | Samsun Ondokuz Mayis University ...
https://omu.academia.edu › AbdurrahmanYıldız [Link]:https://omu.academia.edu/AbdurrahmanY%C4%B1ld%C4%B1z [Link Text]:Abdurrahman Yıldız, Samsun Ondokuz Mayis University, Materials Science and Engineering Department, Graduate Student. Studies Formaldehyde Production ... 
[2020-01-13 13:02:01] [INFO   ] kutahya.gov.tr [Object added to db] [Title]:VALİ DR. ÖMER TORAMAN'DAN SAKATLAR DERNEĞİNE ...
kutahya.gov.tr › vali-dr-omer-toramandan-sakatlar-dernegine-ziyaret [Link]:http://kutahya.gov.tr/vali-dr-omer-toramandan-sakatlar-dernegine-ziyaret [Link Text]:1 Ara 2018 - Çini Sanatçısı Abdurrahman Yıldız'ın eserlerini inceleyerek bilgiler alan Vali Dr. Ömer Toraman, Yıldız'a çalışmalarında başarılar diledi. 
[2020-01-13 13:02:01] [INFO   ] celikkaleli.com [Object added to db] [Title]:Abdurrahman YILDIZ | Çelikkaleli Süt Sağım Sistemleri
celikkaleli.com › referanslar › abdurrahman-yildiz [Link]:http://celikkaleli.com/referanslar/abdurrahman-yildiz [Link Text]:Abdurrahman YILDIZ. ... Son Projeler · Referanslar. Abdurrahman YILDIZ. Anasayfa · Favorit Çelikkaleli · Hizmetlerimiz · Ürünlerimiz · Yedek Parça · Referanslar. 
[2020-01-13 13:02:01] [INFO   ] www.kabalci.com.tr [Object added to db] [Title]:Abdurrahman Yıldız - Yazarın kitapları - Kabalcı
https://www.kabalci.com.tr › abdurrahman-yildiz-w109236 [Link]:https://www.kabalci.com.tr/abdurrahman-yildiz-w109236.html [Link Text]:Arama sonucunda hiçbir kayıt bulunamadı. İsterseniz aşağıdaki formu kullanarak daha detaylı arama yapabilirsiniz. Detaylı Arama. Kategori. Hepsi. Alt kategori. 
[2020-01-13 13:02:01] [INFO   ] www.firmasec.com [Object added to db] [Title]:AVUKAT ABDURRAHMAN YILDIZ - MERKEZ - DÜZCE ...
www.firmasec.com › DANIŞMANLIK firmaları [Link]:http://www.firmasec.com/firma/tfzzrf-avukat-abdurrahman-yildiz/ [Link Text]:AVUKAT ABDURRAHMAN YILDIZ (AVUKAT ABDURRAHMAN YILDIZ internet sitesi) - MERKEZ - DÜZCE - (0380) 514 12 6... / DANIŞMANLIK firmaları / firma ... 
[2020-01-13 13:02:01] [INFO   ] Next Button Clicked 
[2020-01-13 13:02:02] [INFO   ] armut.com [Object added to db] [Title]:Abdurrahman Yıldız Boyacı (Boya Badana Ustası) Seferihisar ...
https://armut.com › Boyacı (Boya Badana Ustası) › İzmir › Seferihisar [Link]:https://armut.com/hizmetveren/abdurrahman-yildiz-izmir-seferihisar-boyaci-boya-badana-ustasi_671020 [Link Text]:25 yıllık iş tecrübesi ile sizlere hizmet vermekten mutluluk duyarız. Kaliteli ve güvenilir hizmet için doğru adres, iş tekliflerinizi bekliyoruz. 
[2020-01-13 13:02:02] [INFO   ] www.medyadetay.com [Object added to db] [Title]:Abdurrahman Yıldız h - Medya Detay Bilişim Teknolojileri ...
www.medyadetay.com › haberleri › +abdurrahman+yıldız [Link]:http://www.medyadetay.com/m/haberleri/+abdurrahman+y%C4%B1ld%C4%B1z [Link Text]:Abdurrahman Yıldız h - Medya Detay Bilişim Teknolojileri - Sakarya'dan Güncel Haber. 
[2020-01-13 13:02:02] [INFO   ] www.idefix.com [Object added to db] [Title]:2019 YKS-TYT 5x5 Tarih Denemeleri-Tamamı Çözümlü - İdefix
https://www.idefix.com › ... › YKS (Yükseköğretim Kurumları Giriş Sınavı) [Link]:https://www.idefix.com/Kitap/2019-YKS-TYT-5x5-Tarih-Denemeleri-Tamami-Cozumlu/Ders-Sinav-Kitaplari/Sinav-Kitaplari/YKS-Yuksekogretim-Kurumlari-Giris-Sinavi-/Temel-Yeterlilik-Testi-Alan-Yeterlilik-Testi-YKS-TYT-AYT-/urunno=0001807092001 [Link Text]:2019 YKS-TYT 5x5 Tarih Denemeleri-Tamamı Çözümlü. Yazar: Abdurrahman Yıldız. Yayınevi : Pelikan Yayınları. 2019 YKS-TYT 5x5 Tarih Denemeleri-Tamamı ... 
[2020-01-13 13:02:03] [INFO   ] www.nadirkitap.com [Object added to db] [Title]:EĞİTİM VE ÖĞRETİMDE ÖĞRETMEN ÖĞRENCİ İLİŞKİLERİ ...
https://www.nadirkitap.com › egitim-ve-ogretimde-ogretmen-ogrenci-iliski... [Link]:https://www.nadirkitap.com/egitim-ve-ogretimde-ogretmen-ogrenci-iliskileri-imzali-abdurrahman-yildiz-kitap5551748.html [Link Text]:EĞİTİM VE ÖĞRETİMDE ÖĞRETMEN ÖĞRENCİ İLİŞKİLERİ "İMZALI". ABDURRAHMAN YILDIZ. 10,00 TL. Ürün Kodu; : 5551748; Çeviren; : Hazırlayan ... 
[2020-01-13 13:02:03] [INFO   ] www.erbaamebis.com [Object added to db] [Title]:ABDURRAHMAN YILDIZ hakkın rahmetine kavuşmuştur ...
www.erbaamebis.com › defindetay › abdurrahman-yildiz [Link]:http://www.erbaamebis.com/defindetay/19810/abdurrahman-yildiz [Link Text]:Mü'min'e ölümünden sonra amel ve hasenatından ulaşacak şey: Öğretip yaydığı ilim, bıraktığı salih evlat, miras bıraktığı Mushaf, yaptığı mescit, yolcu için yaptığı ... 
[2020-01-13 13:02:03] [INFO   ] www.okurmusunuz.com [Object added to db] [Title]:Abdurrahman Yıldız - Yazarın kitapları - okurmusunuz.com
https://www.okurmusunuz.com › Yazarlar [Link]:https://www.okurmusunuz.com/abdurrahman-yildiz, [Link Text]:Abdurrahman Yıldız · Dua Yayıncılık. 14,00 8,40. Sepete Ekle. 1. Hac ve Umre Rehberi · Müşteri Hizmetleri · Hakkımızda · Kargo ve Teslimat · Gizlilik ve Güvenlik ... 
[2020-01-13 13:02:03] [INFO   ] www.amazon.com.tr [Object added to db] [Title]:Hac ve Umre Rehberi: Abdurrahman Yıldız: Amazon.com.tr
https://www.amazon.com.tr › Hac-Umre-Rehberi-Abdurrahman-Yıldız [Link]:https://www.amazon.com.tr/Hac-Umre-Rehberi-Abdurrahman-Y%C4%B1ld%C4%B1z/dp/6054772295 [Link Text]:Hac ve Umre Rehberi: Abdurrahman Yıldız: Amazon.com.tr. 
[2020-01-13 13:02:03] [INFO   ] www.find.com.tr [Object added to db] [Title]:ABDURRAHMAN YILDIZ CODE OTO EKSPERTİZ | PENDİK ...
https://www.find.com.tr › ... › Hasar Tespit Sigorta Danışmanlık [Link]:https://www.find.com.tr/Company/abdurrahmanyildizcodeotoekspertiz [Link Text]: Kullanıcı oyu: 5 - ‎1 oy
19 Tem 2019 - TRAFİK MÜŞAVİRLİĞİ Meslek Grubunda İSTANBUL / PENDİK Bölgesinde Ekspertiz faaliyetleri (antika eşyalar, mücevherler vb. için ekspertiz ... 
[2020-01-13 13:02:03] [INFO   ] www.kibrisadahaber.com [Object added to db] [Title]:Abdurrahman Yıldız haberleri - Ada Haber
https://www.kibrisadahaber.com › mobi › Abdurrahman-Yıldız-haberleri [Link]:https://www.kibrisadahaber.com/mobi/Abdurrahman-Y%C4%B1ld%C4%B1z-haberleri.htm [Link Text]:Abdurrahman Yıldız Haberleri. 'Poliste işkence' hakkında soruşturma!Polis bugün bazı yerel basın organlarında, Abdurrahman Yıldız isimli şahsın poliste ... 
[2020-01-13 13:02:03] [INFO   ] www.babil.com [Object added to db] [Title]:Hac ve Umre Rehberi - Abdurrahman Yıldız - Kitap | Babil
https://www.babil.com › hac-ve-umre-rehberi-kitabi-abdurrahman-yildiz [Link]:https://www.babil.com/hac-ve-umre-rehberi-kitabi-abdurrahman-yildiz [Link Text]:Abdurrahman Yıldız, Hac ve Umre Rehberi kitabını inceleyin, uygun fiyatlar ve taksit seçenekleri ile tek tıkla satın alma keyfini Babil.com'da yaşayın! 
[2020-01-13 13:02:03] [INFO   ] Next Button Clicked 
[2020-01-13 13:02:04] [INFO   ] www.yenisehir.bel.tr [Object added to db] [Title]:Meclis Üyeleri | Mersin Yenişehir Belediye Başkanlığı
https://www.yenisehir.bel.tr › meclis-uyeleri [Link]:https://www.yenisehir.bel.tr/tr/meclis-uyeleri [Link Text]:Abdurrahman YILDIZ. Harun GÖKALP. Metin SOLUNOĞLU. Haydar ÖZDEMİR. Zekeriya ÖZGÜR. Gülcan Kış. Gülcan KIŞ. Murat SAKUÇOĞLU. Haşim TULUK. 
[2020-01-13 13:02:04] [INFO   ] www.infobel.com [Object added to db] [Title]:Avukat Abdurrahman Yıldız - Avukatlar Düzce arası (adres ...
https://www.infobel.com › Türkiye › Avukat › Düzce [Link]:https://www.infobel.com/tr/turkey/avukat_abdurrahman_yildiz/duzce/TR101098789-03805141262/businessdetails.aspx [Link Text]:Avukat Abdurrahman Yıldız - Avukatlar Düzce arası için yorumları, çalışma saatlerini, fotoğraf ve videoları görüntüleyin. TEL: 03805141... Infobel üzerinde ... 
[2020-01-13 13:02:04] [INFO   ] www.haber7.com [Object added to db] [Title]:çini sanatçısı abdurrahman yıldız haberleri - Haber 7
www.haber7.com › etiket › çini+sanatçısı+abdurrahman+yıldız [Link]:http://www.haber7.com/etiket/%C3%A7ini+sanat%C3%A7%C4%B1s%C4%B1+abdurrahman+y%C4%B1ld%C4%B1z [Link Text]:Kütahya'da yaşayan Kültür ve Turizm Bakanlığı çini sanatçısı Abdurrahman Yıldız, Türkiye'ye yakınlık gösteren Katar Emiri Şeyh Temim bin Hamed Al Sani'ye ... 
[2020-01-13 13:02:04] [INFO   ] m.geyvehaber.com [Object added to db] [Title]:Muhammed Emin ile Abdurrahman Yıldız Sünnet Oldu Geyve ...
m.geyvehaber.com › haber › 16636-muhammed-emin-ile-abdurrahman-yi... [Link]:http://m.geyvehaber.com/haber/16636-muhammed-emin-ile-abdurrahman-yildiz-sunnet-oldu [Link Text]:Geyve Belediyesi personeliAlifuataşa mahallesinden Selçuk Yıldızın oğulları oğulları Muhammed Emin ile Abdurrahman Yıldız sünnet oldu sünnet oldu Mehter ... 
[2020-01-13 13:02:04] [INFO   ] oyunceviri.net [Object added to db] [Title]:Abdurrahman Yıldız(TEST) arşivleri - OyunCeviri.net
https://oyunceviri.net › emegi-gecen › abdurrahman-yildiztest [Link]:https://oyunceviri.net/emegi-gecen/abdurrahman-yildiztest/ [Link Text]:Emeği Geçen: Abdurrahman Yıldız(TEST). FTL: Faster Than Light – v2.0 %100 Türkçe Yama. by YasakLi · 25 Ekim 2015 · 0. Herkese selamlar, ilk sürümün ... 
[2020-01-13 13:02:04] [INFO   ] www.doktorsitesi.com [Object added to db] [Title]:Dr. Abdurrahman Yıldız - Pratisyen Hekimlik Van | doktorsitesi ...
https://www.doktorsitesi.com › ... › Van › Abdurrahman YILDIZ [Link]:https://www.doktorsitesi.com/dr-abdurrahman-yildiz/pratisyen-hekimlik/van [Link Text]:Dr. Abdurrahman Yıldız için online randevu, hastalarının yorumları, çalıştığı kurum ve Pratisyen hekim Abdurrahman Yıldız kimdir sorularının cevapları sayfamızda! 
[2020-01-13 13:02:04] [INFO   ] siirdostu.com [Object added to db] [Title]:Abdurrahman Yıldız | Şiir Dostu, Ünlü Şairler'den Güzel Şiirler
siirdostu.com › poet › abdurrahman-yildiz [Link]:http://siirdostu.com/tr/poet/abdurrahman-yildiz?page=22 [Link Text]:Şükürler olsun Ya RABB, beni mü-min eyledin. Mucizül-beyan ile, doğru yolu gösterdin. Rasül'ü Ekrem ile, bizi ihya eyledin. Kulluğunda yak beni, kaybedeyim ... 
[2020-01-13 13:02:04] [INFO   ] www.habercim19.com [Object added to db] [Title]:Abdurrahman Yıldız vefat etti - Habercim19 Çorum haber ...
https://www.habercim19.com › abdurrahman-yildiz-vefat-etti-h31036 [Link]:https://www.habercim19.com/gundem/abdurrahman-yildiz-vefat-etti-h31036.html [Link Text]:26 Tem 2018 - Çorum Fatih Lisesi eski Müdürü Oğuzlar Anadolu Lisesi Müdürü Abdurrahman Yıldız (62) geçirdiği kalp krizi sonucu vefat etti. 
[2020-01-13 13:02:05] [INFO   ] www.pictame.com [Object added to db] [Title]:Stories of Abdurrahman Yildiz (@apoo_yildiz) | Instagram ...
https://www.pictame.com › user › apoo_yildiz › stories [Link]:https://www.pictame.com/user/apoo_yildiz/stories/426844625 [Link Text]:Stories from Abdurrahman Yildiz on instagram. ... Abdurrahman Yildiz @apoo_yildiz. Followings: 506Followers: 519Posts: 67. Her hikaye zamanını bekler✨✨✨ ... 
[2020-01-13 13:02:05] [INFO   ] lawyerdir.net [Object added to db] [Title]:AVUKAT ABDURRAHMAN YILDIZ HUKUK BÜROSU ...
https://lawyerdir.net › avukat › abdurrahman-yildiz-60 [Link]:https://lawyerdir.net/tr/avukat/abdurrahman-yildiz-60 [Link Text]:Av. Abdurrahman Yıldız telefon numarası, adres ve diğer iletişim bilgilerine en güncel ulaşabileceğiniz rehber kaynak. 
[2020-01-13 13:02:05] [INFO   ] Next Button Clicked 
[2020-01-13 13:02:05] [INFO   ] www.halkkitabevi.com [Object added to db] [Title]:2019 YKS-TYT 5x5 Tarih Denemeleri-Tamamı Çözümlü - Kitap
https://www.halkkitabevi.com › ... [Link]:https://www.halkkitabevi.com/2019-yks-tyt-5x5-tarih-denemeleri-tamami-cozumlu [Link Text]:2019 YKS-TYT 5x5 Tarih Denemeleri-Tamamı Çözümlü. Abdurrahman Yıldız Pelikan Yayınları. Liste Fiyatı : 27,00TL. Taksitli fiyat : 9 x 3,30TL. Sepete Ekle. 
[2020-01-13 13:02:05] [INFO   ] www.mynet.com [Object added to db] [Title]:Çini sanatçısı Abdurrahman Yıldız Haberleri | Son Dakika Çini ...
https://www.mynet.com › cini-sanatcisi-abdurrahman-yildiz-haber-listesi [Link]:https://www.mynet.com/cini-sanatcisi-abdurrahman-yildiz-haber-listesi [Link Text]:26 Eyl 2018 - Çini sanatçısı Abdurrahman Yıldız hakkında en son ve en doğru haberler Mynet haber farkı ile bu sayfada. Çini sanatçısı Abdurrahman Yıldız ... 
[2020-01-13 13:02:06] [INFO   ] www.dailymotion.com [Object added to db] [Title]:Genk Sledderlo Camii İmamı Abdurrahman Yıldız. - Dailymotion
https://www.dailymotion.com › video [Link]:https://www.dailymotion.com/video/x6uu2g [Link Text]:▶ 0:45
9 Haz 2017 - donmez donmez huseyin tarafından yüklendi
Genk Türk Dernekler Birliği tarafından organize edilen İftar yemeğinde Sledderlo Yunus Emre Camii İmamı ... 
[2020-01-13 13:02:06] [INFO   ] onuncukoygazetesi.com.tr [Object added to db] [Title]:HATAY'IN zübükleri yine iş başında, ABDURRAHMAN Yıldız ...
onuncukoygazetesi.com.tr › hatayin-zubukleri-yine-is-basinda-abdurrahman... [Link]:http://onuncukoygazetesi.com.tr/hatayin-zubukleri-yine-is-basinda-abdurrahman-yildizin-kaleminden/ [Link Text]:23 Ağu 2018 - ABDURRAHMAN Yıldız'ın KALEMİNDEN. CHP li Lütfü savaş,ı kime ve nereye yamalatmaya çalışıyorsunuz ? Ortaya yalan atarak algı oluşturan ... 
[2020-01-13 13:02:06] [INFO   ] www.merhabahaber.com [Object added to db] [Title]:Abdurrahman Yıldız, 1 Günde 4 Genel Müdürle Ayrı Ayrı Görüştü
www.merhabahaber.com › abdurrahman-yildiz,-1-gunde-4-genel-mudurle... [Link]:http://www.merhabahaber.com/abdurrahman-yildiz,-1-gunde-4-genel-mudurle-ayri-ayri-gorustu-527126h.htm [Link Text]:3 Ağu 2015 - Ülkemiz Değerlerini Tanıtma Kültür ve Sanatımızı Geliştirme Derneği Başkanı ve Kütahyalı Çini sanatçısı Abdurrahman Yıldız, Ankara'da 1 ... 
[2020-01-13 13:02:06] [INFO   ] www.kitabinabak.com [Object added to db] [Title]:Hac ve Umre Rehberi Kitabina Bak Abdurrahman Yıldız Dua ...
https://www.kitabinabak.com › kitap › hac-ve-umre-rehberi-cep-boy----du... [Link]:https://www.kitabinabak.com/kitap/hac-ve-umre-rehberi-cep-boy----dua--kbk--9786054772292 [Link Text]:5 Tem 2018 - Ad: Hac ve Umre Rehberi, Yazar: Abdurrahman Yıldız, Yayınevi: Dua Yayınları, Kategori: Kitap, Detay Kategori: İslam İslam Eğitimi, En Düşük ... 
[2020-01-13 13:02:06] [INFO   ] www.haber3.com [Object added to db] [Title]:KÜTAHYALI ÇİNİ SANATÇISI ABDURRAHMAN YILDIZ ...
https://www.haber3.com › guncel › kutahyali-cini-sanatcisi-abdurrahman-... [Link]:https://www.haber3.com/guncel/kutahyali-cini-sanatcisi-abdurrahman-yildiz-turkiyeyi-8-bin-yabanciya-haberi-844794 [Link Text]:10 Haz 2011 - KÜTAHYALI ÇİNİ SANATÇISI ABDURRAHMAN YILDIZ, TÜRKİYE'Yİ 8 BİN YABANCIYA TANITACAK Haber3.com'a Google'da abone olun ... 
[2020-01-13 13:02:06] [INFO   ] www.msn.com [Object added to db] [Title]:Eğitim-Bir-Sen'den iftar programı - SİİRT - MSN.com
https://www.msn.com › eğitim-bir-senden-iftar-programı-siirt › vi-AABUuQI [Link]:https://www.msn.com/tr-tr/video/unluler/e%C4%9Fitim-bir-senden-iftar-program%C4%B1-siirt/vi-AABUuQI [Link Text]:▶ 1:16
25 May 2019
Eğitim - Bir - Sen Siirt Üniversitesi Temsilcisi Abdurrahman Yıldız, sendika olarak birlik ve beraberliğe önem ... 
[2020-01-13 13:02:06] [INFO   ] www.karsmanset.com [Object added to db] [Title]:Yakalandığı amansız hastalığa yenik düşen Öğretmen ...
www.karsmanset.com › haber › ogretmenin-hazin-sonu-2358 [Link]:http://www.karsmanset.com/haber/ogretmenin-hazin-sonu-2358.htm [Link Text]:6 May 2010 - Yakalandığı amansız hastalığa yenik düşen Öğretmen Abdurrahman Yıldız (54) için, Kars'ın Arpaçay İlçesi Yatılı İlköğretim Okulu'nda (YİBO) ... 
[2020-01-13 13:02:06] [INFO   ] Next Button Clicked 
[2020-01-13 13:02:07] [INFO   ] www.sanalbasin.com [Object added to db] [Title]:Abdurrahman Yıldız vefat etti - SANAL BASIN
www.sanalbasin.com › abdurrahman-yildiz-vefat-etti-11918871 [Link]:http://www.sanalbasin.com/abdurrahman-yildiz-vefat-etti-11918871/ [Link Text]:4 Oca 2016 - Çorum Fatih Lisesi eski Müdürü Oğuzlar Anadolu Lisesi Müdürü Abdurrahman Yıldız (62) geçirdiği kalp krizi sonucu vefat etti. 
[2020-01-13 13:02:08] [INFO   ] mf-bm.gazi.edu.tr [Object added to db] [Title]:Abdurrahman Yıldız'ın Yüksek Lisans Tez Savunması ...
mf-bm.gazi.edu.tr › posts › view › title › abdurrahman-yildiz'in-yuksek-lisa... [Link]:http://mf-bm.gazi.edu.tr/posts/view/title/abdurrahman-yildiz%27in-yuksek-lisans-tez-savunmasi-191107 [Link Text]:25 Eki 2017 - Anabilim dalımız yüksek lisans öğrencisi Abdurrahman Yıldız'ın tez savunması 31 Ekim Salı 16:00'da BM Toplantı Salonu'nda yapılacaktır. 
[2020-01-13 13:02:08] [INFO   ] www.havadiskibris.com [Object added to db] [Title]:Yıldız'ın soruşturması tamamlandı - Havadis Gazetesi | Kıbrıs ...
https://www.havadiskibris.com › yildizin-sorusturmasi-tamamlandi [Link]:https://www.havadiskibris.com/yildizin-sorusturmasi-tamamlandi/ [Link Text]:24 Ağu 2013 - Abdurrahman Yıldız'ın yönetimindeki EL 326 plakalı araca ve zanlının evine hafta içi düzenlenen operasyonda, aracının kül tablasında, ... 
[2020-01-13 13:02:08] [INFO   ] Next Button Clicked 
[2020-01-13 13:02:08] [WARNING] An Exception occured while saving result or Outlier node in results #domain: havadiskibris.com #url: FAILED #Exception: java.lang.IllegalStateException: Not under a public suffix: failed 
[2020-01-13 13:02:08] [WARNING] An Exception occured while saving result or Outlier node in results #domain: havadiskibris.com #url: FAILED #Exception: java.lang.IllegalStateException: Not under a public suffix: failed 
[2020-01-13 13:02:08] [WARNING] An Exception occured while saving result or Outlier node in results #domain: havadiskibris.com #url: FAILED #Exception: java.lang.IllegalStateException: Not under a public suffix: failed 
[2020-01-13 13:02:08] [WARNING] An Exception occured while saving result or Outlier node in results #domain: havadiskibris.com #url: FAILED #Exception: java.lang.IllegalStateException: Not under a public suffix: failed 
[2020-01-13 13:02:08] [WARNING] An Exception occured while saving result or Outlier node in results #domain: havadiskibris.com #url: FAILED #Exception: java.lang.IllegalStateException: Not under a public suffix: failed 
[2020-01-13 13:02:08] [WARNING] An Exception occured while saving result or Outlier node in results #domain: havadiskibris.com #url: FAILED #Exception: java.lang.IllegalStateException: Not under a public suffix: failed 
[2020-01-13 13:02:08] [WARNING] An Exception occured while saving result or Outlier node in results #domain: havadiskibris.com #url: FAILED #Exception: java.lang.IllegalStateException: Not under a public suffix: failed 
[2020-01-13 13:02:08] [WARNING] An Exception occured while saving result or Outlier node in results #domain: havadiskibris.com #url: FAILED #Exception: java.lang.IllegalStateException: Not under a public suffix: failed 
[2020-01-13 13:02:08] [WARNING] An Exception occured while saving result or Outlier node in results #domain: havadiskibris.com #url: FAILED #Exception: java.lang.IllegalStateException: Not under a public suffix: failed 
[2020-01-13 13:02:08] [WARNING] An Exception occured while saving result or Outlier node in results #domain: havadiskibris.com #url: FAILED #Exception: java.lang.IllegalStateException: Not under a public suffix: failed 
[2020-01-13 13:02:08] [INFO   ] Crawling Completed on= [google] for= [ abdurrahman yıldız]  Number of checked results = [102] Next Button clicked [10] times. 
[2020-01-13 13:02:08] [INFO   ] Crawling Started on= [bing] for= [ abdurrahman yıldız ] 
[2020-01-13 13:02:08] [SEVERE ] org.openqa.selenium.NoSuchWindowException: no such window: target window already closed
from unknown error: web view not found
  (Session info: chrome=79.0.3945.117)
  (Driver info: chromedriver=2.43.600210 (68dcf5eebde37173d4027fa8635e332711d2874a),platform=Windows NT 10.0.18362 x86_64) (WARNING: The server did not provide any stacktrace information)
Command duration or timeout: 0 milliseconds
Build info: version: '3.141.5', revision: 'd54ebd709a', time: '2018-11-06T11:42:16'
System info: host: 'DESKTOP-66S5C4F', ip: '10.0.75.1', os.name: 'Windows 10', os.arch: 'amd64', os.version: '10.0', java.version: '1.8.0_191'
Driver info: org.openqa.selenium.chrome.ChromeDriver
Capabilities {acceptInsecureCerts: false, acceptSslCerts: false, applicationCacheEnabled: false, browserConnectionEnabled: false, browserName: chrome, chrome: {chromedriverVersion: 2.43.600210 (68dcf5eebde371..., userDataDir: C:\Users\apoxy\AppData\Loca...}, cssSelectorsEnabled: true, databaseEnabled: false, goog:chromeOptions: {debuggerAddress: localhost:64790}, handlesAlerts: true, hasTouchScreen: false, javascriptEnabled: true, locationContextEnabled: true, mobileEmulationEnabled: false, nativeEvents: true, networkConnectionEnabled: false, pageLoadStrategy: none, platform: XP, platformName: XP, rotatable: false, setWindowRect: true, takesHeapSnapshot: true, takesScreenshot: true, unexpectedAlertBehaviour: , unhandledPromptBehavior: , version: 79.0.3945.117, webStorageEnabled: true}
Session ID: 390623b43876569fb73d89879a1db297 
[2020-01-13 13:02:09] [INFO   ] Crawling Started on= [yandex] for= [ abdurrahman yıldız ] 
[2020-01-13 13:02:09] [SEVERE ] org.openqa.selenium.NoSuchWindowException: no such window: target window already closed
from unknown error: web view not found
  (Session info: chrome=79.0.3945.117)
  (Driver info: chromedriver=2.43.600210 (68dcf5eebde37173d4027fa8635e332711d2874a),platform=Windows NT 10.0.18362 x86_64) (WARNING: The server did not provide any stacktrace information)
Command duration or timeout: 0 milliseconds
Build info: version: '3.141.5', revision: 'd54ebd709a', time: '2018-11-06T11:42:16'
System info: host: 'DESKTOP-66S5C4F', ip: '10.0.75.1', os.name: 'Windows 10', os.arch: 'amd64', os.version: '10.0', java.version: '1.8.0_191'
Driver info: org.openqa.selenium.chrome.ChromeDriver
Capabilities {acceptInsecureCerts: false, acceptSslCerts: false, applicationCacheEnabled: false, browserConnectionEnabled: false, browserName: chrome, chrome: {chromedriverVersion: 2.43.600210 (68dcf5eebde371..., userDataDir: C:\Users\apoxy\AppData\Loca...}, cssSelectorsEnabled: true, databaseEnabled: false, goog:chromeOptions: {debuggerAddress: localhost:64790}, handlesAlerts: true, hasTouchScreen: false, javascriptEnabled: true, locationContextEnabled: true, mobileEmulationEnabled: false, nativeEvents: true, networkConnectionEnabled: false, pageLoadStrategy: none, platform: XP, platformName: XP, rotatable: false, setWindowRect: true, takesHeapSnapshot: true, takesScreenshot: true, unexpectedAlertBehaviour: , unhandledPromptBehavior: , version: 79.0.3945.117, webStorageEnabled: true}
Session ID: 390623b43876569fb73d89879a1db297 
[2020-01-13 13:02:09] [INFO   ] Crawling Started on= [yahoo] for= [ abdurrahman yıldız ] 
[2020-01-13 13:02:09] [SEVERE ] org.openqa.selenium.NoSuchWindowException: no such window: target window already closed
from unknown error: web view not found
  (Session info: chrome=79.0.3945.117)
  (Driver info: chromedriver=2.43.600210 (68dcf5eebde37173d4027fa8635e332711d2874a),platform=Windows NT 10.0.18362 x86_64) (WARNING: The server did not provide any stacktrace information)
Command duration or timeout: 0 milliseconds
Build info: version: '3.141.5', revision: 'd54ebd709a', time: '2018-11-06T11:42:16'
System info: host: 'DESKTOP-66S5C4F', ip: '10.0.75.1', os.name: 'Windows 10', os.arch: 'amd64', os.version: '10.0', java.version: '1.8.0_191'
Driver info: org.openqa.selenium.chrome.ChromeDriver
Capabilities {acceptInsecureCerts: false, acceptSslCerts: false, applicationCacheEnabled: false, browserConnectionEnabled: false, browserName: chrome, chrome: {chromedriverVersion: 2.43.600210 (68dcf5eebde371..., userDataDir: C:\Users\apoxy\AppData\Loca...}, cssSelectorsEnabled: true, databaseEnabled: false, goog:chromeOptions: {debuggerAddress: localhost:64790}, handlesAlerts: true, hasTouchScreen: false, javascriptEnabled: true, locationContextEnabled: true, mobileEmulationEnabled: false, nativeEvents: true, networkConnectionEnabled: false, pageLoadStrategy: none, platform: XP, platformName: XP, rotatable: false, setWindowRect: true, takesHeapSnapshot: true, takesScreenshot: true, unexpectedAlertBehaviour: , unhandledPromptBehavior: , version: 79.0.3945.117, webStorageEnabled: true}
Session ID: 390623b43876569fb73d89879a1db297 
[2020-01-13 13:02:09] [SEVERE ] Unexpected Error Occured! 
[2020-01-13 13:02:09] [SEVERE ] no such window: target window already closed
from unknown error: web view not found
  (Session info: chrome=79.0.3945.117)
  (Driver info: chromedriver=2.43.600210 (68dcf5eebde37173d4027fa8635e332711d2874a),platform=Windows NT 10.0.18362 x86_64) (WARNING: The server did not provide any stacktrace information)
Command duration or timeout: 0 milliseconds
Build info: version: '3.141.5', revision: 'd54ebd709a', time: '2018-11-06T11:42:16'
System info: host: 'DESKTOP-66S5C4F', ip: '10.0.75.1', os.name: 'Windows 10', os.arch: 'amd64', os.version: '10.0', java.version: '1.8.0_191'
Driver info: org.openqa.selenium.chrome.ChromeDriver
Capabilities {acceptInsecureCerts: false, acceptSslCerts: false, applicationCacheEnabled: false, browserConnectionEnabled: false, browserName: chrome, chrome: {chromedriverVersion: 2.43.600210 (68dcf5eebde371..., userDataDir: C:\Users\apoxy\AppData\Loca...}, cssSelectorsEnabled: true, databaseEnabled: false, goog:chromeOptions: {debuggerAddress: localhost:64790}, handlesAlerts: true, hasTouchScreen: false, javascriptEnabled: true, locationContextEnabled: true, mobileEmulationEnabled: false, nativeEvents: true, networkConnectionEnabled: false, pageLoadStrategy: none, platform: XP, platformName: XP, rotatable: false, setWindowRect: true, takesHeapSnapshot: true, takesScreenshot: true, unexpectedAlertBehaviour: , unhandledPromptBehavior: , version: 79.0.3945.117, webStorageEnabled: true}
Session ID: 390623b43876569fb73d89879a1db297
*** Element info: {Using=css selector, value=body} 
[2020-01-13 13:02:09] [INFO   ] [Program Finished] 
[2020-01-13 13:02:09] [INFO   ] [Program started] 
[2020-01-13 13:02:09] [INFO   ] [Chrome webdriver selected] 
[2020-01-13 13:08:17] [INFO   ] [Program started] 
[2020-01-13 13:08:17] [INFO   ] [Chrome webdriver selected] 
[2020-01-13 13:08:27] [INFO   ] Detected dialect: OSS 
[2020-01-13 13:08:27] [INFO   ] Crawling Started on= [google] for= [ abdurrahman yıldız ] 
[2020-01-13 13:08:28] [INFO   ] www.facebook.com [Object added to db] [Title]:Abdurrahman Yıldız Profiles | Facebook
https://www.facebook.com › public › Abdurrahman-Yıldız [Link]:https://www.facebook.com/public/Abdurrahman-Y%C4%B1ld%C4%B1z [Link Text]:View the profiles of people named Abdurrahman Yıldız. Join Facebook to connect with Abdurrahman Yıldız and others you may know. Facebook gives people ... 
[2020-01-13 13:08:29] [INFO   ] portal.dpu.edu.tr [Object added to db] [Title]:Abdurrahman Yıldız - DPU Portal - Dumlupınar Üniversitesi
portal.dpu.edu.tr › abdurrahman.yildiz [Link]:http://portal.dpu.edu.tr/abdurrahman.yildiz [Link Text]:Dr. Öğr. Üyesi Abdurrahman Yıldız. Mühendislik Fakültesi / Endüstri Mühendisliği. Görevi : Öğretim Üyesi. CV Görüntüle · DPU. T.C. Kütahya Dumlupınar ... 
[2020-01-13 13:08:29] [INFO   ] tr.linkedin.com [Object added to db] [Title]:Abdurrahman YILDIZ - Ankara, Türkiye | Profesyonel Profil ...
https://tr.linkedin.com › abdurrahman-yildiz-508b9620 [Link]:https://tr.linkedin.com/in/abdurrahman-yildiz-508b9620 [Link Text]:En büyük profesyonel topluluk olan LinkedIn'de Abdurrahman YILDIZ adlı kullanıcının profilini görüntüleyin. Abdurrahman YILDIZ adlı kişinin profilinde 4 iş ilanı ... 
[2020-01-13 13:08:29] [INFO   ] www.linkedin.com [Object added to db] [Title]:60+ "Abdurrahman Yildiz" profiles | LinkedIn
https://www.linkedin.com › pub › dir › Abdurrahman › Yildiz [Link]:https://www.linkedin.com/pub/dir/Abdurrahman/Yildiz [Link Text]:View the profiles of professionals named "Abdurrahman Yildiz" on LinkedIn. There are 60+ professionals named "Abdurrahman Yildiz", who use LinkedIn to ... 
[2020-01-13 13:08:29] [INFO   ] www.haberturk.com [Object added to db] [Title]:Abdurrahman Yıldız Kimdir? - Habertürk
https://www.haberturk.com › abdurrahman-yildiz-kimdir [Link]:https://www.haberturk.com/abdurrahman-yildiz-kimdir [Link Text]:Abdurrahman Yıldız. Ünvan: Trabzon Şalpazarı BTP Belediye Başkan Adayı Eğitim: Üniversite/yüksekokul. Meslek: İşadamı ... 
[2020-01-13 13:08:29] [INFO   ] twitter.com [Object added to db] [Title]:Abdurrahman YILDIZ (@IYI_Abdurrahman) | Twitter
https://twitter.com › iyi_abdurrahman [Link]:https://twitter.com/iyi_abdurrahman [Link Text]:The latest Tweets from Abdurrahman YILDIZ (@IYI_Abdurrahman). İYİ Parti Milletvekili Aday Adayı / İYİ Parti Üyesi. Adana Çukurova - Ankara 1.Bölge. 
[2020-01-13 13:08:29] [INFO   ] www.haberler.com [Object added to db] [Title]:Abdurrahman Yıldız Haberleri - Abdurrahman Yıldız Kimdir ...
https://www.haberler.com › abdurrahman-yildiz [Link]:https://www.haberler.com/abdurrahman-yildiz/ [Link Text]:Abdurrahman Yıldız haberleri en güncel gelişmeler ve son dakika haberler.Abdurrahman Yıldız kimdir,hayatı ve biyografisi. Baraj havzasında kalan ağaçlar ... 
[2020-01-13 13:08:29] [INFO   ] www.sondakika.com [Object added to db] [Title]:Son Dakika Abdurrahman Yıldız Haberleri - Abdurrahman ...
https://www.sondakika.com › Abdurrahman Yıldız [Link]:https://www.sondakika.com/abdurrahman-yildiz/2/ [Link Text]:Kültür ve Turizm Bakanlığı çini sanatçısı Abdurrahman Yıldız, çininin Birleşmiş Milletler Eğitim, Bilim ve Kültür Teşkilatı'nın (UNESCO) miras listesine alınması ... 
[2020-01-13 13:08:29] [INFO   ] Next Button Clicked 
[2020-01-13 13:08:30] [INFO   ] dogruhaber.com.tr [Object added to db] [Title]:Abdurrahman Yıldız - Doğruhaber
https://dogruhaber.com.tr › yazar › abdurrahman-yildiz [Link]:https://dogruhaber.com.tr/yazar/abdurrahman-yildiz [Link Text]:Akabe`den yükselen Nur 13.04.2016 11:49:00 · Kutsal Beldelerde Dua 30.12.2015 11:02:00 · Kurban Allah (cc)`a Yakın Olmaktır 10.11.2015 15:05:00. 
[2020-01-13 13:08:30] [INFO   ] kidega.com [Object added to db] [Title]:Abdurrahman Yıldız Biyografisi - Abdurrahman Yıldız Kitapları ...
https://kidega.com › yazar › abdurrahman-yildiz-185436 [Link]:https://kidega.com/yazar/abdurrahman-yildiz-185436 [Link Text]:Abdurrahman Yıldız yazar biyografisi ve Abdurrahman Yıldız kitapları. 
[2020-01-13 13:08:30] [INFO   ] avukattut.com [Object added to db] [Title]:AVUKAT ABDURRAHMAN YILDIZ | Avukat Tut
https://avukattut.com › abdurrahman-yildiz-5 [Link]:https://avukattut.com/abdurrahman-yildiz-5 [Link Text]:ABDURRAHMAN YILDIZ. Merkez Düzce. Baro Sicil No : 5; Cep Telefonu : İş Telefonu : 03805141262; Faks : e-Posta : K E P : Adres : Cedidiye Mahallesi Necip ... 
[2020-01-13 13:08:30] [INFO   ] www.behance.net [Object added to db] [Title]:Abdurrahman Yıldız ™ on Behance
https://www.behance.net › markaraj [Link]:https://www.behance.net/markaraj [Link Text]:Since a young age I am intertwined with graphic design and web design. In 2007 I started to work as a freelancer. Photo I know the importance of the design ... 
[2020-01-13 13:08:31] [INFO   ] erzurumobm.ogm.gov.tr [Object added to db] [Title]:Belgeler - Abdurrahman yıldız-1.jpg
https://erzurumobm.ogm.gov.tr › Documents › Forms › DispForm [Link]:https://erzurumobm.ogm.gov.tr/Documents/Forms/DispForm.aspx?ID=282 [Link Text]:12 Şub 2019 - Ad. Abdurrahman yıldız-1. Başlık. Zamanlama Başlangıç Tarihi. Zamanlama Bitiş Tarihi. Belge Kimliği. KXFRVTCHU5AW-5-282. 12.2.2019 ... 
[2020-01-13 13:08:31] [INFO   ] www.inkilap.com [Object added to db] [Title]:Abdurrahman Yıldız - İnkılap Kitabevi
https://www.inkilap.com › abdurrahman-yildiz-149631 [Link]:https://www.inkilap.com/abdurrahman-yildiz-149631 [Link Text]:Abdurrahman Yıldız. 
[2020-01-13 13:08:31] [INFO   ] webarsiv.atauni.edu.tr [Object added to db] [Title]:Worker Abdurrahman Yıldız ~ Atatürk Üniversitesi
https://webarsiv.atauni.edu.tr › abdurrahman-yildiz [Link]:https://webarsiv.atauni.edu.tr/abdurrahman-yildiz [Link Text]:Worker Abdurrahman Yıldız Çevre Düzenleme Birimi. Kişisel Bilgiler. Adı Soyadı Abdurrahman Yıldız; Ünvanı Worker; Birimi Çevre Düzenleme Birimi ... 
[2020-01-13 13:08:31] [INFO   ] imidb.batman.edu.tr [Object added to db] [Title]:İdari Görev Bilgileri - Batman Üniversitesi
imidb.batman.edu.tr › Personel › ABDURRAHMAN-YILDIZ [Link]:http://imidb.batman.edu.tr/Personel/ABDURRAHMAN-YILDIZ/2238/784 [Link Text]:Abdurrahman YILDIZ. abdurrahman.yildiz. Hakkında · Faaliyetler · Özgeçmiş. Özel Bilgiler. İdari Görev Bilgileri. 2014, Batman Üniversitesi - Hizmetli ... 
[2020-01-13 13:08:31] [INFO   ] www.edebiyatla.com [Object added to db] [Title]:Abdurrahman Yıldız Şiirleri
https://www.edebiyatla.com › uyeler › abdurrahman-yildiz-20073 › siirleri [Link]:https://www.edebiyatla.com/uyeler/abdurrahman-yildiz-20073/siirleri [Link Text]:Abdurrahman Yıldız isimli şairimizin en güzel şiirlerini okumak için tıklayın. 
[2020-01-13 13:08:31] [INFO   ] Next Button Clicked 
[2020-01-13 13:08:32] [INFO   ] www.ilknokta.com [Object added to db] [Title]:Abdurrahman Yıldız - Yazarın kitapları - İlkNokta
https://www.ilknokta.com › Yazarlar [Link]:https://www.ilknokta.com/abdurrahman-yildiz-w138948.html [Link Text]:Abdurrahman Yıldız - Yazarın kitapları. ... Abdurrahman Yıldız · Dua Yayınları. 12,96TL 9,72TL. Sepete Ekle. 1. Hac ve Umre Rehberi · Müşteri Hizmetleri. 
[2020-01-13 13:08:32] [INFO   ] www.sinematurk.com [Object added to db] [Title]:Abdurrahman Yıldız ~ Sinematurk.com
www.sinematurk.com › kisi › 231564-abdurrahman-yildiz [Link]:http://www.sinematurk.com/kisi/231564-abdurrahman-yildiz/ [Link Text]:Abdurrahman Yıldız adlı kişinin biyografisi : None... 
[2020-01-13 13:08:32] [INFO   ] www.sakarya.bel.tr [Object added to db] [Title]:Abdurrahman YILDIZ - Sakarya Büyükşehir Belediye
www.sakarya.bel.tr › Baskanlik-Kisi › abdurrahman-yildiz-sube-muduru [Link]:http://www.sakarya.bel.tr/tr/Baskanlik-Kisi/abdurrahman-yildiz-sube-muduru/216 [Link Text]:Müdürlükler. Anasayfa · Başkanlık; Abdurrahman YILDIZ. logo footer. Kavaklar; Cd. No:7 54100 Adapazarı SAKARYA. 44 44 054. Çözüm Masası: 153. Haberin ... 
[2020-01-13 13:08:32] [INFO   ] www.sozcukitabevi.com [Object added to db] [Title]:Abdurrahman Yıldız - Hac ve Umre Rehberi | Sözcü Kitabevi
https://www.sozcukitabevi.com › İslam › İslam Eğitimi [Link]:https://www.sozcukitabevi.com/Kitap/abdurrahman-yildiz-hac-ve-umre-rehberi [Link Text]:Abdurrahman Yıldız adlı yazara ait Hac ve Umre Rehberi kitabı kapıda ödeme, taksit seçenekleri ve Sözcü Kitabevi'nden satın alabilirsiniz. 
[2020-01-13 13:08:32] [INFO   ] www.youtube.com [Object added to db] [Title]:abdurrahman yıldız - YouTube
https://www.youtube.com › channel [Link]:https://www.youtube.com/channel/UCw539ix09SBi-VqQgGhqf7g [Link Text]:SELÇUKLU BELEDİYESİ KLİP KURGUSU - Duration: 3 minutes, 50 seconds. 173 views; 6 years ago. 0:33. Play next; Play now ... 
[2020-01-13 13:08:32] [INFO   ] www.antoloji.com [Object added to db] [Title]:Abdurrahman Yıldız Şiirleri - Sayfa - 1 - Antoloji.Com
https://www.antoloji.com › abdurrahman-yildiz › siirleri [Link]:https://www.antoloji.com/abdurrahman-yildiz/siirleri/ [Link Text]:Abdurrahman Yıldız tarafından yazılan tüm şiirlere bu sayfadan ulaşabilirsiniz. Şair Abdurrahman Yıldız hakkında merak ettiğiniz her şey antoloji.com da. 
[2020-01-13 13:08:32] [INFO   ] dergipark.org.tr [Object added to db] [Title]:ABDURRAHMAN YILDIZ . @ » DergiPark
https://dergipark.org.tr › pub [Link]:https://dergipark.org.tr/tr/pub/@a66 [Link Text]:Profil Düzenle · Çıkış · Giriş · DergiPark; Kullanıcı Profili; ABDURRAHMAN YILDIZ . ABDURRAHMAN YILDIZ . @a66. Konular. Dergiler. ULAKBİM Dergi ... 
[2020-01-13 13:08:32] [INFO   ] www.ucuzkitapal.com [Object added to db] [Title]:Abdurrahman Yıldız Kitapları - Ucuz Kitap Al
https://www.ucuzkitapal.com › abdurrahman-yildiz [Link]:https://www.ucuzkitapal.com/abdurrahman-yildiz/ [Link Text]:Abdurrahman Yıldız, tüm kitaplarını inceleyebilir dilerseniz indirimli fiyat ile satın alabilirsiniz. 
[2020-01-13 13:08:33] [INFO   ] www.yenisafak.com [Object added to db] [Title]:Abdurrahman Yıldız - Yeni Şafak
https://www.yenisafak.com › yerel-secim-2019 › trabzon-salpazari-belediy... [Link]:https://www.yenisafak.com/yerel-secim-2019/trabzon-salpazari-belediye-baskan-adayi-abdurrahman-yildiz-kimdir [Link Text]:Trabzon Şalpazarı belediye başkan adayı Abdurrahman Yıldız kimdir, kaç yaşında, nereli, ne mezunu, hangi partide olduğununa dair ayrıntılar burada. 
[2020-01-13 13:08:33] [INFO   ] www.kitapsec.com [Object added to db] [Title]:Abdurrahman Yıldız - Tyt
https://www.kitapsec.com › Yazar › Abdurrahman-Yildiz [Link]:https://www.kitapsec.com/Yazar/Abdurrahman-Yildiz/ [Link Text]:Abdurrahman Yıldız, Abdurrahman Yıldız yazarına ait kitaplar satılmaktadır. 
[2020-01-13 13:08:33] [INFO   ] Next Button Clicked 
[2020-01-13 13:08:34] [INFO   ] www.kitapkoala.com [Object added to db] [Title]:Abdurrahman Yıldız - Yazarın kitapları - Kitap Koala
https://www.kitapkoala.com › Yazarlar [Link]:https://www.kitapkoala.com/product/search/yazar/abdurrahman-yildiz [Link Text]:Abdurrahman Yıldız - Yazarın kitapları. ... Abdurrahman Yıldız · Dua Yayınları. 14,00 9,80. Sepete Ekle. 1. Hac ve Umre Rehberi · Müşteri Hizmetleri · Kargo ve ... 
[2020-01-13 13:08:34] [INFO   ] www.tff.org [Object added to db] [Title]:ABDURRAHMAN YILDIZ - Player Details TFF
https://www.tff.org › Default [Link]:https://www.tff.org/Default.aspx?pageId=526&kisiId=1243116 [Link Text]:ABDURRAHMAN YILDIZ - Turkish Football Federation Offical Site - National Teams, Leagues, Cups, Info Bank, Super League, Players, Coaches, Referees, ... 
[2020-01-13 13:08:34] [INFO   ] www.sizinmedya.com [Object added to db] [Title]:Abdurrahman Yıldız haberleri - Sizin Medya
www.sizinmedya.com › abdurrahman yıldız-haberleri [Link]:http://www.sizinmedya.com/abdurrahman%20y%C4%B1ld%C4%B1z-haberleri.htm [Link Text]:Abdurrahman Yıldız Haberleri. Bem-Bir-Sen'den Üyelere İftar YemeğiBem-Bir-Sen Midyat Temsilciliği, üyeleriyle iftar yemeğinde bir araya geldi.Cumartesi, 03 ... 
[2020-01-13 13:08:34] [INFO   ] www.noterbul.com [Object added to db] [Title]:Ereğli 2/Konya Noteri (Abdurrahman Yıldız) - Noter Bul
www.noterbul.com › konya › eregli [Link]:http://www.noterbul.com/konya/eregli/eregli-2konya-noteri [Link Text]:Ereğli 2/Konya Noteri adres, telefon ve iletişim bilgilerine sayfamızdan kolayca ulaşabilirsiniz. 
[2020-01-13 13:08:34] [INFO   ] emlakkulisi.com [Object added to db] [Title]:Abdurrahman Yıldız kimdir - 23/12/2019 - Emlakkulisi.Com
https://emlakkulisi.com › guncel › abdurrahman-yildiz-kimdir [Link]:https://emlakkulisi.com/guncel/abdurrahman-yildiz-kimdir/910765 [Link Text]:Abdurrahman Yıldız kimdir Selçuklu, Osmanlı ve Cumhuriyet tarihinde cami, saray ve hanların iç mimarisi ile bazı eşyaların süslemelerinin vazgeçilmezleri ... 
[2020-01-13 13:08:34] [INFO   ] www.dr.com.tr [Object added to db] [Title]:Abdurrahman Yıldız - D&R - Kültür Sanat ve Eğlence Dünyası
https://www.dr.com.tr › Yazar › abdurrahman-yildiz [Link]:https://www.dr.com.tr/Yazar/abdurrahman-yildiz/s=10088580 [Link Text]:Binlerce kitap, teknoloji ürünü, hediye, müzik, film ve daha fazlası indirim kampanyalarıyla kültür, sanat ve eğlence dünyası D&R'da! 
[2020-01-13 13:08:34] [INFO   ] www.teklifkitap.com [Object added to db] [Title]:Abdurrahman Yıldız - Yazarın kitapları - Teklif Kitap
https://www.teklifkitap.com › Yazarlar [Link]:https://www.teklifkitap.com/abdurrahman-yildiz [Link Text]:Sepetim (0) Toplam: 0TL · Anasayfa · Yayınevleri · Kategoriler · Yazarlar · Yeni Ürünler · Bayiler · Dergiler · Anasayfa; >; Yazarlar; >; Abdurrahman Yıldız ... 
[2020-01-13 13:08:34] [INFO   ] yesilalan.siirt.edu.tr [Object added to db] [Title]:ABDURRAHMAN YILDIZ | Siirt Üniversitesi
yesilalan.siirt.edu.tr › profil › -abdurrahman-yildiz [Link]:http://yesilalan.siirt.edu.tr/profil/-abdurrahman-yildiz/727735.html [Link Text]:ABDURRAHMAN YILDIZ Siirt Üniversitesi. ... ABDURRAHMAN YILDIZ. Telefon 0000 000 00 00. Kurumsal E-Posta. E-Posta. Web. Açıklama ... 
[2020-01-13 13:08:34] [INFO   ] www.alternatifkitap.com [Object added to db] [Title]:Abdurrahman Yıldız Kitapları - Alternatifkitap.com
https://www.alternatifkitap.com › abdurrahman-yildiz [Link]:https://www.alternatifkitap.com/abdurrahman-yildiz/ [Link Text]:Abdurrahman Yıldız, tüm kitaplarını inceleyebilir dilerseniz indirimli fiyat ile satın alabilirsiniz. 
[2020-01-13 13:08:34] [INFO   ] www.odakitap.com [Object added to db] [Title]:Abdurrahman Yıldız kitapları | OdaKitap.com
https://www.odakitap.com › kisi › abdurrahman-yildiz [Link]:https://www.odakitap.com/kisi/abdurrahman-yildiz [Link Text]:Abdurrahman Yıldız kitapları hızlı kargo, uygun fiyat ayrıcalığı ve taksit seçenekleriyle Odakitap.com'da. 
[2020-01-13 13:08:35] [INFO   ] Next Button Clicked 
[2020-01-13 13:08:35] [INFO   ] www.xing.com [Object added to db] [Title]:Abdurrahman Yildiz in der XING Personensuche finden | XING
https://www.xing.com › people › yildiz-abdurra... [Link]:https://www.xing.com/people/yildiz-abdurrahman/ [Link Text]:Finden Sie 11 Profile von Abdurrahman Yildiz mit aktuellen Kontaktdaten ☎, Lebenslauf, Interessen sowie weiteren beruflichen Informationen bei XING. 
[2020-01-13 13:08:35] [INFO   ] www.bulurum.com [Object added to db] [Title]:NAMLI SEYİDOĞLU KEBAP SALONU (Abdurrahman Yıldız ...
https://www.bulurum.com › ... › Yeme - İçme › Kebapçılar [Link]:https://www.bulurum.com/details/bb043jcea02_4k73af23210g1ac6d55_ [Link Text]:NAMLI SEYİDOĞLU KEBAP SALONU (Abdurrahman Yıldız) , Manisa Merkez , Manisa : Manisa Merkez bölgesinde bulunan NAMLI SEYİDOĞLU KEBAP ... 
[2020-01-13 13:08:35] [INFO   ] kutahyazafergazetesi.com [Object added to db] [Title]:Vali Toraman'dan Çini Sanatçısı Abdurrahman Yıldız'a ziyaret ...
kutahyazafergazetesi.com › 2018/12/04 › vali-toramandan-cini-sanatcisi-a... [Link]:http://kutahyazafergazetesi.com/2018/12/04/vali-toramandan-cini-sanatcisi-abdurrahman-yildiza-ziyaret/ [Link Text]:4 Ara 2018 - Vali Ömer Toraman, Ülkemiz Değerlerini Tanıtma Kültür ve Sanatımızı Geliştirme Derneği Başkanı ve Kültür ve Turizm Bakanlığı çini sanatçısı ... 
[2020-01-13 13:08:36] [INFO   ] www.kitapmatik.com.tr [Object added to db] [Title]:Hac ve Umre Rehberi Abdurrahman Yıldız - kitapmatik.com
https://www.kitapmatik.com.tr › İslam › İslam Eğitimi [Link]:https://www.kitapmatik.com.tr/kitap/hac-ve-umre-rehberi-p746734.html [Link Text]:Hac ve Umre Rehberi. Abdurrahman Yıldız Dua Yayınları. Liste Fiyatı : 14,00TL. İndirimli Fiyat : 11,20TL. Kazancınız : 2,80TL. Taksitli fiyat : 6 x 1,97TL. %20. 
[2020-01-13 13:08:36] [INFO   ] www.kibris724.com [Object added to db] [Title]:Abdurrahman Yıldız haberleri - Kıbrıs 724
www.kibris724.com › abdurrahman-yıldız-haberleri [Link]:http://www.kibris724.com/abdurrahman-y%C4%B1ld%C4%B1z-haberleri.htm [Link Text]:POLİSTE İŞKENCE İDDİALARI... SORUŞTURULUYOR!Polis bugün bazı yerel basın organlarında, Abdurrahman Yıldız isimli şahsın poliste şiddete maruz ... 
[2020-01-13 13:08:36] [INFO   ] www.sporx.com [Object added to db] [Title]:Abdurrahman YILDIZ KADRO Sporx İlk11
https://www.sporx.com › abdurrahman-yildiz-kadro-takimi-ilk11-340345 [Link]:https://www.sporx.com/abdurrahman-yildiz-kadro-takimi-ilk11-340345 [Link Text]:Bence Abdurrahman YILDIZ KADRO ilk 11'i. SENCE BU KADRO NASIL? Öyle bir 11 kurdum ki :) Ah ah... Sen de on beş saniyede kur. 
[2020-01-13 13:08:36] [INFO   ] www.pinterest.com [Object added to db] [Title]:Abdurrahman YILDIZ (yildizmobtel) Pinterest'te
https://www.pinterest.com › yildizmobtel [Link]:https://www.pinterest.com/yildizmobtel/ [Link Text]:Dünyanın en büyük fikir koleksiyonu olan Pinterest'te, Abdurrahman YILDIZ adlı kullanıcının (yildizmobtel) neler keşfettiğini görün. 
[2020-01-13 13:08:36] [INFO   ] www.babil.com [Object added to db] [Title]:Hac ve Umre Rehberi - Abdurrahman Yıldız - Kitap | Babil
https://www.babil.com › hac-ve-umre-rehberi-kitabi-abdurrahman-yildiz [Link]:https://www.babil.com/hac-ve-umre-rehberi-kitabi-abdurrahman-yildiz [Link Text]:Abdurrahman Yıldız, Hac ve Umre Rehberi kitabını inceleyin, uygun fiyatlar ve taksit seçenekleri ile tek tıkla satın alma keyfini Babil.com'da yaşayın! 
[2020-01-13 13:08:36] [INFO   ] karsiyakaortaokulu.meb.k12.tr [Object added to db] [Title]:Abdurrahman YILDIZ - Karşıyaka Ortaokulu
karsiyakaortaokulu.meb.k12.tr › idari_personel › abdurrahman-yildiz_147... [Link]:http://karsiyakaortaokulu.meb.k12.tr/idari_personel/abdurrahman-yildiz_1471900.html [Link Text]:T.C. MİLLÎ EĞİTİM BAKANLIĞI İZMİR / KARŞIYAKA / Karşıyaka Ortaokulu. 
[2020-01-13 13:08:36] [INFO   ] www.fuarplus.com [Object added to db] [Title]:ABDURRAHMAN YILDIZ VE ORT.(GÜMÜŞ YILDIZ MAK.VE ...
www.fuarplus.com › katilimci_ayrinti [Link]:http://www.fuarplus.com/-ABDURRAHMAN-YILDIZ-VE-ORT.(G%C3%9CM%C3%9C%C5%9E-YILDIZ-MAK.VE-FER/tr/katilimci_ayrinti/100020043 [Link Text]:Firma Adı: ABDURRAHMAN YILDIZ VE ORT.(GÜMÜŞ YILDIZ MAK.VE FERFORJE). Adres, BOZBURUN MAH.7040 SK.NO:7. Telefon: 02583716233. 
[2020-01-13 13:08:36] [INFO   ] Next Button Clicked 
[2020-01-13 13:08:37] [INFO   ] 1000kitap.com [Object added to db] [Title]:Abdurrahman Yıldız (@yildiz25) - 1000Kitap
https://1000kitap.com › yildiz25 [Link]:https://1000kitap.com/yildiz25 [Link Text]:Abdurrahman Yıldız'ın (@yildiz25) son kitap incelemeleri, alıntıları, iletileri, okuduğu kitaplar. 
[2020-01-13 13:08:37] [INFO   ] tr.foursquare.com [Object added to db] [Title]:Abdurrahman Yıldız Foursquare'de
https://tr.foursquare.com › optimistic090 [Link]:https://tr.foursquare.com/optimistic090 [Link Text]:Abdurrahman Y.'nın bütün fotoğraflarını, tavsiyelerini, listelerini ve arkadaşlarını gör. 
[2020-01-13 13:08:37] [INFO   ] soundcloud.com [Object added to db] [Title]:Abdurrahman YILDIZ - SoundCloud
https://soundcloud.com › abdurrahman-yildiz [Link]:https://soundcloud.com/abdurrahman-yildiz [Link Text]:Abdurrahman YILDIZ. Son-abdyldz. Now playing. 2:37. doktor. Abdurrahman YILDIZ. doktor. Now playing. 5:41. dilenci...(Orhan Gencebay'dan). Abdurrahman ... 
[2020-01-13 13:08:37] [INFO   ] www.nakliyeilani.com [Object added to db] [Title]:ABDURRAHMAN YILDIZ VE ORT.(GÜM ÜŞ YILDIZ MAK.VE ...
https://www.nakliyeilani.com › dis-ticaret-firmalar › abdurrahman-yildiz-ve-... [Link]:https://www.nakliyeilani.com/dis-ticaret-firmalar/DEF504A2-6E63-4DEF-986A-1B52C6C42014/abdurrahman-yildiz-ve-ort-gum-us-yildiz-mak-ve-ferforje [Link Text]:ABDURRAHMAN YILDIZ VE ORT.(GÜM ÜŞ YILDIZ MAK.VE FERFORJE). Profil sayfamıza buradan ulaşabilirsiniz. İletişim bilgilerimiz, çalıştığımız ülkeler ... 
[2020-01-13 13:08:37] [INFO   ] omu.academia.edu [Object added to db] [Title]:Abdurrahman Yıldız | Samsun Ondokuz Mayis University ...
https://omu.academia.edu › AbdurrahmanYıldız [Link]:https://omu.academia.edu/AbdurrahmanY%C4%B1ld%C4%B1z [Link Text]:Abdurrahman Yıldız, Samsun Ondokuz Mayis University, Materials Science and Engineering Department, Graduate Student. Studies Formaldehyde Production ... 
[2020-01-13 13:08:37] [INFO   ] www.nadirkitap.com [Object added to db] [Title]:SARAY SANATI ÇİNİ - ABDURRAHMAN YILDIZ | Nadir Kitap
https://www.nadirkitap.com › saray-sanati-cini-abdurrahman-yildiz-kitap792... [Link]:https://www.nadirkitap.com/saray-sanati-cini-abdurrahman-yildiz-kitap7924727.html [Link Text]:SARAY SANATI ÇİNİ kitabı hakkında bilgileri içeren kitap satış sayfası. ABDURRAHMAN YILDIZ kitapları ve baskısı kitaplar ile ikinci el ve yeni 5 milyon kitap ... 
[2020-01-13 13:08:37] [INFO   ] kutahya.gov.tr [Object added to db] [Title]:VALİ DR. ÖMER TORAMAN'DAN SAKATLAR DERNEĞİNE ...
kutahya.gov.tr › vali-dr-omer-toramandan-sakatlar-dernegine-ziyaret [Link]:http://kutahya.gov.tr/vali-dr-omer-toramandan-sakatlar-dernegine-ziyaret [Link Text]:1 Ara 2018 - Çini Sanatçısı Abdurrahman Yıldız'ın eserlerini inceleyerek bilgiler alan Vali Dr. Ömer Toraman, Yıldız'a çalışmalarında başarılar diledi. 
[2020-01-13 13:08:37] [INFO   ] celikkaleli.com [Object added to db] [Title]:Abdurrahman YILDIZ | Çelikkaleli Süt Sağım Sistemleri
celikkaleli.com › referanslar › abdurrahman-yildiz [Link]:http://celikkaleli.com/referanslar/abdurrahman-yildiz [Link Text]:Abdurrahman YILDIZ. ... Son Projeler · Referanslar. Abdurrahman YILDIZ. Anasayfa · Favorit Çelikkaleli · Hizmetlerimiz · Ürünlerimiz · Yedek Parça · Referanslar. 
[2020-01-13 13:08:38] [INFO   ] www.kabalci.com.tr [Object added to db] [Title]:Abdurrahman Yıldız - Yazarın kitapları - Kabalcı
https://www.kabalci.com.tr › abdurrahman-yildiz-w109236 [Link]:https://www.kabalci.com.tr/abdurrahman-yildiz-w109236.html [Link Text]:Arama sonucunda hiçbir kayıt bulunamadı. İsterseniz aşağıdaki formu kullanarak daha detaylı arama yapabilirsiniz. Detaylı Arama. Kategori. Hepsi. Alt kategori. 
[2020-01-13 13:08:38] [INFO   ] www.firmasec.com [Object added to db] [Title]:AVUKAT ABDURRAHMAN YILDIZ - MERKEZ - DÜZCE ...
www.firmasec.com › DANIŞMANLIK firmaları [Link]:http://www.firmasec.com/firma/tfzzrf-avukat-abdurrahman-yildiz/ [Link Text]:AVUKAT ABDURRAHMAN YILDIZ (AVUKAT ABDURRAHMAN YILDIZ internet sitesi) - MERKEZ - DÜZCE - (0380) 514 12 6... / DANIŞMANLIK firmaları / firma ... 
[2020-01-13 13:08:38] [INFO   ] Next Button Clicked 
[2020-01-13 13:08:38] [INFO   ] armut.com [Object added to db] [Title]:Abdurrahman Yıldız Boyacı (Boya Badana Ustası) Seferihisar ...
https://armut.com › Boyacı (Boya Badana Ustası) › İzmir › Seferihisar [Link]:https://armut.com/hizmetveren/abdurrahman-yildiz-izmir-seferihisar-boyaci-boya-badana-ustasi_671020 [Link Text]:25 yıllık iş tecrübesi ile sizlere hizmet vermekten mutluluk duyarız. Kaliteli ve güvenilir hizmet için doğru adres, iş tekliflerinizi bekliyoruz. 
[2020-01-13 13:08:39] [INFO   ] www.medyadetay.com [Object added to db] [Title]:Abdurrahman Yıldız h - Medya Detay Bilişim Teknolojileri ...
www.medyadetay.com › haberleri › +abdurrahman+yıldız [Link]:http://www.medyadetay.com/m/haberleri/+abdurrahman+y%C4%B1ld%C4%B1z [Link Text]:Abdurrahman Yıldız h - Medya Detay Bilişim Teknolojileri - Sakarya'dan Güncel Haber. 
[2020-01-13 13:08:39] [INFO   ] www.idefix.com [Object added to db] [Title]:2019 YKS-TYT 5x5 Tarih Denemeleri-Tamamı Çözümlü - İdefix
https://www.idefix.com › ... › YKS (Yükseköğretim Kurumları Giriş Sınavı) [Link]:https://www.idefix.com/Kitap/2019-YKS-TYT-5x5-Tarih-Denemeleri-Tamami-Cozumlu/Ders-Sinav-Kitaplari/Sinav-Kitaplari/YKS-Yuksekogretim-Kurumlari-Giris-Sinavi-/Temel-Yeterlilik-Testi-Alan-Yeterlilik-Testi-YKS-TYT-AYT-/urunno=0001807092001 [Link Text]:2019 YKS-TYT 5x5 Tarih Denemeleri-Tamamı Çözümlü. Yazar: Abdurrahman Yıldız. Yayınevi : Pelikan Yayınları. 2019 YKS-TYT 5x5 Tarih Denemeleri-Tamamı ... 
[2020-01-13 13:08:39] [INFO   ] www.erbaamebis.com [Object added to db] [Title]:ABDURRAHMAN YILDIZ hakkın rahmetine kavuşmuştur ...
www.erbaamebis.com › defindetay › abdurrahman-yildiz [Link]:http://www.erbaamebis.com/defindetay/19810/abdurrahman-yildiz [Link Text]:Mü'min'e ölümünden sonra amel ve hasenatından ulaşacak şey: Öğretip yaydığı ilim, bıraktığı salih evlat, miras bıraktığı Mushaf, yaptığı mescit, yolcu için yaptığı ... 
[2020-01-13 13:08:39] [INFO   ] www.arkadas.com.tr [Object added to db] [Title]:Hac Ve Umre Rehberi - Abdurrahman Yıldız - Kitap > arkadas ...
https://www.arkadas.com.tr › kitap › hac-ve-umre-rehberi [Link]:https://www.arkadas.com.tr/kitap/hac-ve-umre-rehberi/9786054772292 [Link Text]:Hac Ve Umre Rehberi, Abdurrahman Yıldız, , Kitap. 
[2020-01-13 13:08:39] [INFO   ] www.amazon.com.tr [Object added to db] [Title]:Hac ve Umre Rehberi: Abdurrahman Yıldız: Amazon.com.tr
https://www.amazon.com.tr › Hac-Umre-Rehberi-Abdurrahman-Yıldız [Link]:https://www.amazon.com.tr/Hac-Umre-Rehberi-Abdurrahman-Y%C4%B1ld%C4%B1z/dp/6054772295 [Link Text]:Hac ve Umre Rehberi: Abdurrahman Yıldız: Amazon.com.tr. 
[2020-01-13 13:08:39] [INFO   ] www.find.com.tr [Object added to db] [Title]:ABDURRAHMAN YILDIZ CODE OTO EKSPERTİZ | PENDİK ...
https://www.find.com.tr › ... › Hasar Tespit Sigorta Danışmanlık [Link]:https://www.find.com.tr/Company/abdurrahmanyildizcodeotoekspertiz [Link Text]: Kullanıcı oyu: 5 - ‎1 oy
19 Tem 2019 - TRAFİK MÜŞAVİRLİĞİ Meslek Grubunda İSTANBUL / PENDİK Bölgesinde Ekspertiz faaliyetleri (antika eşyalar, mücevherler vb. için ekspertiz ... 
[2020-01-13 13:08:39] [INFO   ] www.kariyer.net [Object added to db] [Title]:Abdurrahman Yıldız | Kariyer.net
https://www.kariyer.net › ozgecmis › atlasapo [Link]:https://www.kariyer.net/ozgecmis/atlasapo [Link Text]:Abdurrahman Yıldız adlı kullanıcının Kariyer.net'teki özgeçmişini görüntüleyin. Abdurrahman Yıldız gibi Kariyer.net özgeçmişinle yer alıp bir adım önde olmak ... 
[2020-01-13 13:08:39] [INFO   ] www.kibrisadahaber.com [Object added to db] [Title]:Abdurrahman Yıldız haberleri - Ada Haber
https://www.kibrisadahaber.com › mobi › Abdurrahman-Yıldız-haberleri [Link]:https://www.kibrisadahaber.com/mobi/Abdurrahman-Y%C4%B1ld%C4%B1z-haberleri.htm [Link Text]:Abdurrahman Yıldız Haberleri. 'Poliste işkence' hakkında soruşturma!Polis bugün bazı yerel basın organlarında, Abdurrahman Yıldız isimli şahsın poliste ... 
[2020-01-13 13:08:39] [INFO   ] www.yenisehir.bel.tr [Object added to db] [Title]:Meclis Üyeleri | Mersin Yenişehir Belediye Başkanlığı
https://www.yenisehir.bel.tr › meclis-uyeleri [Link]:https://www.yenisehir.bel.tr/tr/meclis-uyeleri [Link Text]:Abdurrahman YILDIZ. Harun GÖKALP. Metin SOLUNOĞLU. Haydar ÖZDEMİR. Zekeriya ÖZGÜR. Gülcan Kış. Gülcan KIŞ. Murat SAKUÇOĞLU. Haşim TULUK. 
[2020-01-13 13:08:39] [INFO   ] Next Button Clicked 
[2020-01-13 13:08:40] [INFO   ] www.infobel.com [Object added to db] [Title]:Avukat Abdurrahman Yıldız - Avukatlar Düzce arası (adres ...
https://www.infobel.com › Türkiye › Avukat › Düzce [Link]:https://www.infobel.com/tr/turkey/avukat_abdurrahman_yildiz/duzce/TR101098789-03805141262/businessdetails.aspx [Link Text]:Avukat Abdurrahman Yıldız - Avukatlar Düzce arası için yorumları, çalışma saatlerini, fotoğraf ve videoları görüntüleyin. TEL: 03805141... Infobel üzerinde ... 
[2020-01-13 13:08:40] [INFO   ] www.haber7.com [Object added to db] [Title]:çini sanatçısı abdurrahman yıldız haberleri - Haber 7
www.haber7.com › etiket › çini+sanatçısı+abdurrahman+yıldız [Link]:http://www.haber7.com/etiket/%C3%A7ini+sanat%C3%A7%C4%B1s%C4%B1+abdurrahman+y%C4%B1ld%C4%B1z [Link Text]:Kütahya'da yaşayan Kültür ve Turizm Bakanlığı çini sanatçısı Abdurrahman Yıldız, Türkiye'ye yakınlık gösteren Katar Emiri Şeyh Temim bin Hamed Al Sani'ye ... 
[2020-01-13 13:08:40] [INFO   ] www.hur24.com [Object added to db] [Title]:Abdurrahman Yıldız haberleri - Hür 24
www.hur24.com › Abdurrahman-Yıldız-haberleri [Link]:http://www.hur24.com/Abdurrahman-Y%C4%B1ld%C4%B1z-haberleri.htm [Link Text]:25 May 2019 - Abdurrahman Yıldız Haberleri. "Sendika olarak birlik ve beraberliğe önem veriyoruz"​Eğitim-Bir-Sen Siirt Şubesi, üyelerine yönelik bir iftar ... 
[2020-01-13 13:08:40] [INFO   ] m.geyvehaber.com [Object added to db] [Title]:Muhammed Emin ile Abdurrahman Yıldız Sünnet Oldu Geyve ...
m.geyvehaber.com › haber › 16636-muhammed-emin-ile-abdurrahman-yi... [Link]:http://m.geyvehaber.com/haber/16636-muhammed-emin-ile-abdurrahman-yildiz-sunnet-oldu [Link Text]:Geyve Belediyesi personeliAlifuataşa mahallesinden Selçuk Yıldızın oğulları oğulları Muhammed Emin ile Abdurrahman Yıldız sünnet oldu sünnet oldu Mehter ... 
[2020-01-13 13:08:40] [INFO   ] oyunceviri.net [Object added to db] [Title]:Abdurrahman Yıldız(TEST) arşivleri - OyunCeviri.net
https://oyunceviri.net › emegi-gecen › abdurrahman-yildiztest [Link]:https://oyunceviri.net/emegi-gecen/abdurrahman-yildiztest/ [Link Text]:Emeği Geçen: Abdurrahman Yıldız(TEST). FTL: Faster Than Light – v2.0 %100 Türkçe Yama. by YasakLi · 25 Ekim 2015 · 0. Herkese selamlar, ilk sürümün ... 
[2020-01-13 13:08:40] [INFO   ] www.doktorsitesi.com [Object added to db] [Title]:Dr. Abdurrahman Yıldız - Pratisyen Hekimlik Van | doktorsitesi ...
https://www.doktorsitesi.com › ... › Van › Abdurrahman YILDIZ [Link]:https://www.doktorsitesi.com/dr-abdurrahman-yildiz/pratisyen-hekimlik/van [Link Text]:Dr. Abdurrahman Yıldız için online randevu, hastalarının yorumları, çalıştığı kurum ve Pratisyen hekim Abdurrahman Yıldız kimdir sorularının cevapları sayfamızda! 
[2020-01-13 13:08:40] [INFO   ] www.habercim19.com [Object added to db] [Title]:Abdurrahman Yıldız vefat etti - Habercim19 Çorum haber ...
https://www.habercim19.com › abdurrahman-yildiz-vefat-etti-h31036 [Link]:https://www.habercim19.com/gundem/abdurrahman-yildiz-vefat-etti-h31036.html [Link Text]:26 Tem 2018 - Çorum Fatih Lisesi eski Müdürü Oğuzlar Anadolu Lisesi Müdürü Abdurrahman Yıldız (62) geçirdiği kalp krizi sonucu vefat etti. 
[2020-01-13 13:08:40] [INFO   ] www.mynet.com [Object added to db] [Title]:Çini sanatçısı Abdurrahman Yıldız Haberleri | Son Dakika Çini ...
https://www.mynet.com › cini-sanatcisi-abdurrahman-yildiz-haber-listesi [Link]:https://www.mynet.com/cini-sanatcisi-abdurrahman-yildiz-haber-listesi [Link Text]:26 Eyl 2018 - Çini sanatçısı Abdurrahman Yıldız hakkında en son ve en doğru haberler Mynet haber farkı ile bu sayfada. Çini sanatçısı Abdurrahman Yıldız ... 
[2020-01-13 13:08:40] [INFO   ] www.dailymotion.com [Object added to db] [Title]:Genk Sledderlo Camii İmamı Abdurrahman Yıldız. - Dailymotion
https://www.dailymotion.com › video [Link]:https://www.dailymotion.com/video/x6uu2g [Link Text]:▶ 0:45
9 Haz 2017 - donmez donmez huseyin tarafından yüklendi
Genk Türk Dernekler Birliği tarafından organize edilen İftar yemeğinde Sledderlo Yunus Emre Camii İmamı ... 
